<?xml version="1.0" encoding="UTF-8"?>
<!-- Generated by org.testng.reporters.JUnitXMLReporter -->
<testsuite ignored="0" hostname="Preyal" failures="1" tests="1" name="Testcase_ID3(failed)" time="7.169" errors="0" timestamp="2020-12-21T14:48:52 EST">
  <testcase classname="selenium1.Assertfunction" name="verifyTitle" time="7.165">
    <failure type="java.lang.AssertionError" message="expected [google] but found [Google]">
      <![CDATA[java.lang.AssertionError: expected [google] but found [Google]
at selenium1.Assertfunction.verifyTitle(Assertfunction.java:19)
at java.base/java.util.ArrayList.forEach(ArrayList.java:1511)
... Removed 33 stack frames]]>
    </failure>
  </testcase> <!-- verifyTitle -->
</testsuite> <!-- Testcase_ID3(failed) -->
