<?xml version="1.0" encoding="UTF-8"?>
<testng-results ignored="0" total="9" passed="0" failed="4" skipped="5">
  <reporter-output>
  </reporter-output>
  <suite started-at="2021-05-21T10:48:39 GMT-04:00" name="Default suite" finished-at="2021-05-21T10:50:51 GMT-04:00" duration-ms="131832">
    <groups>
    </groups>
    <test started-at="2021-05-21T10:48:39 GMT-04:00" name="Default test" finished-at="2021-05-21T10:50:51 GMT-04:00" duration-ms="131832">
      <class name="selenium1.RoiciansExcelsheetData">
        <test-method is-config="true" signature="setup()[pri:0, instance:selenium1.RoiciansExcelsheetData@149e0f5d]" started-at="2021-05-21T10:48:40 GMT-04:00" name="setup" finished-at="2021-05-21T10:48:55 GMT-04:00" duration-ms="14338" status="PASS">
          <reporter-output>
          </reporter-output>
        </test-method> <!-- setup -->
        <test-method signature="Testcase_1(java.lang.String, java.lang.String, java.lang.String, java.lang.String)[pri:0, instance:selenium1.RoiciansExcelsheetData@149e0f5d]" started-at="2021-05-21T10:48:55 GMT-04:00" name="Testcase_1" data-provider="getTestData" finished-at="2021-05-21T10:49:15 GMT-04:00" duration-ms="20073" status="FAIL">
          <params>
            <param index="0">
              <value>
                <![CDATA[Mayank Xyz]]>
              </value>
            </param>
            <param index="1">
              <value>
                <![CDATA[Mayank.Xyz@gmail.com]]>
              </value>
            </param>
            <param index="2">
              <value>
                <![CDATA[Data Driven Practice]]>
              </value>
            </param>
            <param index="3">
              <value>
                <![CDATA[1.Checking if it works :) ]]>
              </value>
            </param>
          </params>
          <exception class="org.openqa.selenium.NoSuchElementException">
            <message>
              <![CDATA[no such element: Unable to locate element: {"method":"css selector","selector":"*[name='your-name']"}
  (Session info: chrome=90.0.4430.212)
For documentation on this error, please visit: https://www.seleniumhq.org/exceptions/no_such_element.html
Build info: version: '3.141.59', revision: 'e82be7d358', time: '2018-11-14T08:25:48'
System info: host: 'PREYAL', ip: '192.168.25.1', os.name: 'Windows 10', os.arch: 'amd64', os.version: '10.0', java.version: '15.0.1'
Driver info: org.openqa.selenium.chrome.ChromeDriver
Capabilities {acceptInsecureCerts: false, browserName: chrome, browserVersion: 90.0.4430.212, chrome: {chromedriverVersion: 89.0.4389.23 (61b08ee2c5002..., userDataDir: C:\Users\Pritzs\AppData\Loc...}, goog:chromeOptions: {debuggerAddress: localhost:56692}, javascriptEnabled: true, networkConnectionEnabled: false, pageLoadStrategy: normal, platform: WINDOWS, platformName: WINDOWS, proxy: Proxy(), setWindowRect: true, strictFileInteractability: false, timeouts: {implicit: 0, pageLoad: 300000, script: 30000}, unhandledPromptBehavior: dismiss and notify, webauthn:extension:largeBlob: true, webauthn:virtualAuthenticators: true}
Session ID: f269244430104e1618ac0788caab8820
*** Element info: {Using=name, value=your-name}]]>
            </message>
            <full-stacktrace>
              <![CDATA[org.openqa.selenium.NoSuchElementException: no such element: Unable to locate element: {"method":"css selector","selector":"*[name='your-name']"}
  (Session info: chrome=90.0.4430.212)
For documentation on this error, please visit: https://www.seleniumhq.org/exceptions/no_such_element.html
Build info: version: '3.141.59', revision: 'e82be7d358', time: '2018-11-14T08:25:48'
System info: host: 'PREYAL', ip: '192.168.25.1', os.name: 'Windows 10', os.arch: 'amd64', os.version: '10.0', java.version: '15.0.1'
Driver info: org.openqa.selenium.chrome.ChromeDriver
Capabilities {acceptInsecureCerts: false, browserName: chrome, browserVersion: 90.0.4430.212, chrome: {chromedriverVersion: 89.0.4389.23 (61b08ee2c5002..., userDataDir: C:\Users\Pritzs\AppData\Loc...}, goog:chromeOptions: {debuggerAddress: localhost:56692}, javascriptEnabled: true, networkConnectionEnabled: false, pageLoadStrategy: normal, platform: WINDOWS, platformName: WINDOWS, proxy: Proxy(), setWindowRect: true, strictFileInteractability: false, timeouts: {implicit: 0, pageLoad: 300000, script: 30000}, unhandledPromptBehavior: dismiss and notify, webauthn:extension:largeBlob: true, webauthn:virtualAuthenticators: true}
Session ID: f269244430104e1618ac0788caab8820
*** Element info: {Using=name, value=your-name}
at java.base/jdk.internal.reflect.NativeConstructorAccessorImpl.newInstance0(Native Method)
at java.base/jdk.internal.reflect.NativeConstructorAccessorImpl.newInstance(NativeConstructorAccessorImpl.java:64)
at java.base/jdk.internal.reflect.DelegatingConstructorAccessorImpl.newInstance(DelegatingConstructorAccessorImpl.java:45)
at java.base/java.lang.reflect.Constructor.newInstanceWithCaller(Constructor.java:500)
at java.base/java.lang.reflect.Constructor.newInstance(Constructor.java:481)
at org.openqa.selenium.remote.http.W3CHttpResponseCodec.createException(W3CHttpResponseCodec.java:187)
at org.openqa.selenium.remote.http.W3CHttpResponseCodec.decode(W3CHttpResponseCodec.java:122)
at org.openqa.selenium.remote.http.W3CHttpResponseCodec.decode(W3CHttpResponseCodec.java:49)
at org.openqa.selenium.remote.HttpCommandExecutor.execute(HttpCommandExecutor.java:158)
at org.openqa.selenium.remote.service.DriverCommandExecutor.execute(DriverCommandExecutor.java:83)
at org.openqa.selenium.remote.RemoteWebDriver.execute(RemoteWebDriver.java:552)
at org.openqa.selenium.remote.RemoteWebDriver.findElement(RemoteWebDriver.java:323)
at org.openqa.selenium.remote.RemoteWebDriver.findElementByName(RemoteWebDriver.java:404)
at org.openqa.selenium.By$ByName.findElement(By.java:284)
at org.openqa.selenium.remote.RemoteWebDriver.findElement(RemoteWebDriver.java:315)
at selenium1.RoiciansExcelsheetData.Testcase_1(RoiciansExcelsheetData.java:49)
at java.base/jdk.internal.reflect.NativeMethodAccessorImpl.invoke0(Native Method)
at java.base/jdk.internal.reflect.NativeMethodAccessorImpl.invoke(NativeMethodAccessorImpl.java:64)
at java.base/jdk.internal.reflect.DelegatingMethodAccessorImpl.invoke(DelegatingMethodAccessorImpl.java:43)
at java.base/java.lang.reflect.Method.invoke(Method.java:564)
at org.testng.internal.MethodInvocationHelper.invokeMethod(MethodInvocationHelper.java:132)
at org.testng.internal.TestInvoker.invokeMethod(TestInvoker.java:599)
at org.testng.internal.TestInvoker.invokeTestMethod(TestInvoker.java:174)
at org.testng.internal.MethodRunner.runInSequence(MethodRunner.java:46)
at org.testng.internal.TestInvoker$MethodInvocationAgent.invoke(TestInvoker.java:822)
at org.testng.internal.TestInvoker.invokeTestMethods(TestInvoker.java:147)
at org.testng.internal.TestMethodWorker.invokeTestMethods(TestMethodWorker.java:146)
at org.testng.internal.TestMethodWorker.run(TestMethodWorker.java:128)
at java.base/java.util.ArrayList.forEach(ArrayList.java:1511)
at org.testng.TestRunner.privateRun(TestRunner.java:764)
at org.testng.TestRunner.run(TestRunner.java:585)
at org.testng.SuiteRunner.runTest(SuiteRunner.java:384)
at org.testng.SuiteRunner.runSequentially(SuiteRunner.java:378)
at org.testng.SuiteRunner.privateRun(SuiteRunner.java:337)
at org.testng.SuiteRunner.run(SuiteRunner.java:286)
at org.testng.SuiteRunnerWorker.runSuite(SuiteRunnerWorker.java:53)
at org.testng.SuiteRunnerWorker.run(SuiteRunnerWorker.java:96)
at org.testng.TestNG.runSuitesSequentially(TestNG.java:1218)
at org.testng.TestNG.runSuitesLocally(TestNG.java:1140)
at org.testng.TestNG.runSuites(TestNG.java:1069)
at org.testng.TestNG.run(TestNG.java:1037)
at org.testng.remote.AbstractRemoteTestNG.run(AbstractRemoteTestNG.java:115)
at org.testng.remote.RemoteTestNG.initAndRun(RemoteTestNG.java:251)
at org.testng.remote.RemoteTestNG.main(RemoteTestNG.java:77)
]]>
            </full-stacktrace>
          </exception> <!-- org.openqa.selenium.NoSuchElementException -->
          <reporter-output>
          </reporter-output>
        </test-method> <!-- Testcase_1 -->
        <test-method is-config="true" signature="setup()[pri:0, instance:selenium1.RoiciansExcelsheetData@149e0f5d]" started-at="2021-05-21T10:49:15 GMT-04:00" name="setup" finished-at="2021-05-21T10:49:24 GMT-04:00" duration-ms="9071" status="PASS">
          <reporter-output>
          </reporter-output>
        </test-method> <!-- setup -->
        <test-method signature="Testcase_1(java.lang.String, java.lang.String, java.lang.String, java.lang.String)[pri:0, instance:selenium1.RoiciansExcelsheetData@149e0f5d]" started-at="2021-05-21T10:49:24 GMT-04:00" name="Testcase_1" data-provider="getTestData" finished-at="2021-05-21T10:49:44 GMT-04:00" duration-ms="20027" status="FAIL">
          <params>
            <param index="0">
              <value>
                <![CDATA[Dipali Xyz]]>
              </value>
            </param>
            <param index="1">
              <value>
                <![CDATA[dipali.Xyz@gmail.com]]>
              </value>
            </param>
            <param index="2">
              <value>
                <![CDATA[Data Driven Practice]]>
              </value>
            </param>
            <param index="3">
              <value>
                <![CDATA[2.Checking if it works :) ]]>
              </value>
            </param>
          </params>
          <exception class="org.openqa.selenium.NoSuchElementException">
            <message>
              <![CDATA[no such element: Unable to locate element: {"method":"css selector","selector":"*[name='your-name']"}
  (Session info: chrome=90.0.4430.212)
For documentation on this error, please visit: https://www.seleniumhq.org/exceptions/no_such_element.html
Build info: version: '3.141.59', revision: 'e82be7d358', time: '2018-11-14T08:25:48'
System info: host: 'PREYAL', ip: '192.168.25.1', os.name: 'Windows 10', os.arch: 'amd64', os.version: '10.0', java.version: '15.0.1'
Driver info: org.openqa.selenium.chrome.ChromeDriver
Capabilities {acceptInsecureCerts: false, browserName: chrome, browserVersion: 90.0.4430.212, chrome: {chromedriverVersion: 89.0.4389.23 (61b08ee2c5002..., userDataDir: C:\Users\Pritzs\AppData\Loc...}, goog:chromeOptions: {debuggerAddress: localhost:56748}, javascriptEnabled: true, networkConnectionEnabled: false, pageLoadStrategy: normal, platform: WINDOWS, platformName: WINDOWS, proxy: Proxy(), setWindowRect: true, strictFileInteractability: false, timeouts: {implicit: 0, pageLoad: 300000, script: 30000}, unhandledPromptBehavior: dismiss and notify, webauthn:extension:largeBlob: true, webauthn:virtualAuthenticators: true}
Session ID: 7639075e85726088a6749f3ea4125407
*** Element info: {Using=name, value=your-name}]]>
            </message>
            <full-stacktrace>
              <![CDATA[org.openqa.selenium.NoSuchElementException: no such element: Unable to locate element: {"method":"css selector","selector":"*[name='your-name']"}
  (Session info: chrome=90.0.4430.212)
For documentation on this error, please visit: https://www.seleniumhq.org/exceptions/no_such_element.html
Build info: version: '3.141.59', revision: 'e82be7d358', time: '2018-11-14T08:25:48'
System info: host: 'PREYAL', ip: '192.168.25.1', os.name: 'Windows 10', os.arch: 'amd64', os.version: '10.0', java.version: '15.0.1'
Driver info: org.openqa.selenium.chrome.ChromeDriver
Capabilities {acceptInsecureCerts: false, browserName: chrome, browserVersion: 90.0.4430.212, chrome: {chromedriverVersion: 89.0.4389.23 (61b08ee2c5002..., userDataDir: C:\Users\Pritzs\AppData\Loc...}, goog:chromeOptions: {debuggerAddress: localhost:56748}, javascriptEnabled: true, networkConnectionEnabled: false, pageLoadStrategy: normal, platform: WINDOWS, platformName: WINDOWS, proxy: Proxy(), setWindowRect: true, strictFileInteractability: false, timeouts: {implicit: 0, pageLoad: 300000, script: 30000}, unhandledPromptBehavior: dismiss and notify, webauthn:extension:largeBlob: true, webauthn:virtualAuthenticators: true}
Session ID: 7639075e85726088a6749f3ea4125407
*** Element info: {Using=name, value=your-name}
at java.base/jdk.internal.reflect.NativeConstructorAccessorImpl.newInstance0(Native Method)
at java.base/jdk.internal.reflect.NativeConstructorAccessorImpl.newInstance(NativeConstructorAccessorImpl.java:64)
at java.base/jdk.internal.reflect.DelegatingConstructorAccessorImpl.newInstance(DelegatingConstructorAccessorImpl.java:45)
at java.base/java.lang.reflect.Constructor.newInstanceWithCaller(Constructor.java:500)
at java.base/java.lang.reflect.Constructor.newInstance(Constructor.java:481)
at org.openqa.selenium.remote.http.W3CHttpResponseCodec.createException(W3CHttpResponseCodec.java:187)
at org.openqa.selenium.remote.http.W3CHttpResponseCodec.decode(W3CHttpResponseCodec.java:122)
at org.openqa.selenium.remote.http.W3CHttpResponseCodec.decode(W3CHttpResponseCodec.java:49)
at org.openqa.selenium.remote.HttpCommandExecutor.execute(HttpCommandExecutor.java:158)
at org.openqa.selenium.remote.service.DriverCommandExecutor.execute(DriverCommandExecutor.java:83)
at org.openqa.selenium.remote.RemoteWebDriver.execute(RemoteWebDriver.java:552)
at org.openqa.selenium.remote.RemoteWebDriver.findElement(RemoteWebDriver.java:323)
at org.openqa.selenium.remote.RemoteWebDriver.findElementByName(RemoteWebDriver.java:404)
at org.openqa.selenium.By$ByName.findElement(By.java:284)
at org.openqa.selenium.remote.RemoteWebDriver.findElement(RemoteWebDriver.java:315)
at selenium1.RoiciansExcelsheetData.Testcase_1(RoiciansExcelsheetData.java:49)
at java.base/jdk.internal.reflect.NativeMethodAccessorImpl.invoke0(Native Method)
at java.base/jdk.internal.reflect.NativeMethodAccessorImpl.invoke(NativeMethodAccessorImpl.java:64)
at java.base/jdk.internal.reflect.DelegatingMethodAccessorImpl.invoke(DelegatingMethodAccessorImpl.java:43)
at java.base/java.lang.reflect.Method.invoke(Method.java:564)
at org.testng.internal.MethodInvocationHelper.invokeMethod(MethodInvocationHelper.java:132)
at org.testng.internal.TestInvoker.invokeMethod(TestInvoker.java:599)
at org.testng.internal.TestInvoker.invokeTestMethod(TestInvoker.java:174)
at org.testng.internal.MethodRunner.runInSequence(MethodRunner.java:46)
at org.testng.internal.TestInvoker$MethodInvocationAgent.invoke(TestInvoker.java:822)
at org.testng.internal.TestInvoker.invokeTestMethods(TestInvoker.java:147)
at org.testng.internal.TestMethodWorker.invokeTestMethods(TestMethodWorker.java:146)
at org.testng.internal.TestMethodWorker.run(TestMethodWorker.java:128)
at java.base/java.util.ArrayList.forEach(ArrayList.java:1511)
at org.testng.TestRunner.privateRun(TestRunner.java:764)
at org.testng.TestRunner.run(TestRunner.java:585)
at org.testng.SuiteRunner.runTest(SuiteRunner.java:384)
at org.testng.SuiteRunner.runSequentially(SuiteRunner.java:378)
at org.testng.SuiteRunner.privateRun(SuiteRunner.java:337)
at org.testng.SuiteRunner.run(SuiteRunner.java:286)
at org.testng.SuiteRunnerWorker.runSuite(SuiteRunnerWorker.java:53)
at org.testng.SuiteRunnerWorker.run(SuiteRunnerWorker.java:96)
at org.testng.TestNG.runSuitesSequentially(TestNG.java:1218)
at org.testng.TestNG.runSuitesLocally(TestNG.java:1140)
at org.testng.TestNG.runSuites(TestNG.java:1069)
at org.testng.TestNG.run(TestNG.java:1037)
at org.testng.remote.AbstractRemoteTestNG.run(AbstractRemoteTestNG.java:115)
at org.testng.remote.RemoteTestNG.initAndRun(RemoteTestNG.java:251)
at org.testng.remote.RemoteTestNG.main(RemoteTestNG.java:77)
]]>
            </full-stacktrace>
          </exception> <!-- org.openqa.selenium.NoSuchElementException -->
          <reporter-output>
          </reporter-output>
        </test-method> <!-- Testcase_1 -->
        <test-method is-config="true" signature="setup()[pri:0, instance:selenium1.RoiciansExcelsheetData@149e0f5d]" started-at="2021-05-21T10:49:44 GMT-04:00" name="setup" finished-at="2021-05-21T10:49:55 GMT-04:00" duration-ms="10962" status="PASS">
          <reporter-output>
          </reporter-output>
        </test-method> <!-- setup -->
        <test-method signature="Testcase_1(java.lang.String, java.lang.String, java.lang.String, java.lang.String)[pri:0, instance:selenium1.RoiciansExcelsheetData@149e0f5d]" started-at="2021-05-21T10:49:55 GMT-04:00" name="Testcase_1" data-provider="getTestData" finished-at="2021-05-21T10:50:15 GMT-04:00" duration-ms="20072" status="FAIL">
          <params>
            <param index="0">
              <value>
                <![CDATA[Akash Xyz]]>
              </value>
            </param>
            <param index="1">
              <value>
                <![CDATA[Akash.Xyz@gmail.com]]>
              </value>
            </param>
            <param index="2">
              <value>
                <![CDATA[Data Driven Practice]]>
              </value>
            </param>
            <param index="3">
              <value>
                <![CDATA[3.Checking if it works :) ]]>
              </value>
            </param>
          </params>
          <exception class="org.openqa.selenium.NoSuchElementException">
            <message>
              <![CDATA[no such element: Unable to locate element: {"method":"css selector","selector":"*[name='your-name']"}
  (Session info: chrome=90.0.4430.212)
For documentation on this error, please visit: https://www.seleniumhq.org/exceptions/no_such_element.html
Build info: version: '3.141.59', revision: 'e82be7d358', time: '2018-11-14T08:25:48'
System info: host: 'PREYAL', ip: '192.168.25.1', os.name: 'Windows 10', os.arch: 'amd64', os.version: '10.0', java.version: '15.0.1'
Driver info: org.openqa.selenium.chrome.ChromeDriver
Capabilities {acceptInsecureCerts: false, browserName: chrome, browserVersion: 90.0.4430.212, chrome: {chromedriverVersion: 89.0.4389.23 (61b08ee2c5002..., userDataDir: C:\Users\Pritzs\AppData\Loc...}, goog:chromeOptions: {debuggerAddress: localhost:56802}, javascriptEnabled: true, networkConnectionEnabled: false, pageLoadStrategy: normal, platform: WINDOWS, platformName: WINDOWS, proxy: Proxy(), setWindowRect: true, strictFileInteractability: false, timeouts: {implicit: 0, pageLoad: 300000, script: 30000}, unhandledPromptBehavior: dismiss and notify, webauthn:extension:largeBlob: true, webauthn:virtualAuthenticators: true}
Session ID: b9dddd19cc99d7b378a69e097f1c8795
*** Element info: {Using=name, value=your-name}]]>
            </message>
            <full-stacktrace>
              <![CDATA[org.openqa.selenium.NoSuchElementException: no such element: Unable to locate element: {"method":"css selector","selector":"*[name='your-name']"}
  (Session info: chrome=90.0.4430.212)
For documentation on this error, please visit: https://www.seleniumhq.org/exceptions/no_such_element.html
Build info: version: '3.141.59', revision: 'e82be7d358', time: '2018-11-14T08:25:48'
System info: host: 'PREYAL', ip: '192.168.25.1', os.name: 'Windows 10', os.arch: 'amd64', os.version: '10.0', java.version: '15.0.1'
Driver info: org.openqa.selenium.chrome.ChromeDriver
Capabilities {acceptInsecureCerts: false, browserName: chrome, browserVersion: 90.0.4430.212, chrome: {chromedriverVersion: 89.0.4389.23 (61b08ee2c5002..., userDataDir: C:\Users\Pritzs\AppData\Loc...}, goog:chromeOptions: {debuggerAddress: localhost:56802}, javascriptEnabled: true, networkConnectionEnabled: false, pageLoadStrategy: normal, platform: WINDOWS, platformName: WINDOWS, proxy: Proxy(), setWindowRect: true, strictFileInteractability: false, timeouts: {implicit: 0, pageLoad: 300000, script: 30000}, unhandledPromptBehavior: dismiss and notify, webauthn:extension:largeBlob: true, webauthn:virtualAuthenticators: true}
Session ID: b9dddd19cc99d7b378a69e097f1c8795
*** Element info: {Using=name, value=your-name}
at java.base/jdk.internal.reflect.NativeConstructorAccessorImpl.newInstance0(Native Method)
at java.base/jdk.internal.reflect.NativeConstructorAccessorImpl.newInstance(NativeConstructorAccessorImpl.java:64)
at java.base/jdk.internal.reflect.DelegatingConstructorAccessorImpl.newInstance(DelegatingConstructorAccessorImpl.java:45)
at java.base/java.lang.reflect.Constructor.newInstanceWithCaller(Constructor.java:500)
at java.base/java.lang.reflect.Constructor.newInstance(Constructor.java:481)
at org.openqa.selenium.remote.http.W3CHttpResponseCodec.createException(W3CHttpResponseCodec.java:187)
at org.openqa.selenium.remote.http.W3CHttpResponseCodec.decode(W3CHttpResponseCodec.java:122)
at org.openqa.selenium.remote.http.W3CHttpResponseCodec.decode(W3CHttpResponseCodec.java:49)
at org.openqa.selenium.remote.HttpCommandExecutor.execute(HttpCommandExecutor.java:158)
at org.openqa.selenium.remote.service.DriverCommandExecutor.execute(DriverCommandExecutor.java:83)
at org.openqa.selenium.remote.RemoteWebDriver.execute(RemoteWebDriver.java:552)
at org.openqa.selenium.remote.RemoteWebDriver.findElement(RemoteWebDriver.java:323)
at org.openqa.selenium.remote.RemoteWebDriver.findElementByName(RemoteWebDriver.java:404)
at org.openqa.selenium.By$ByName.findElement(By.java:284)
at org.openqa.selenium.remote.RemoteWebDriver.findElement(RemoteWebDriver.java:315)
at selenium1.RoiciansExcelsheetData.Testcase_1(RoiciansExcelsheetData.java:49)
at java.base/jdk.internal.reflect.NativeMethodAccessorImpl.invoke0(Native Method)
at java.base/jdk.internal.reflect.NativeMethodAccessorImpl.invoke(NativeMethodAccessorImpl.java:64)
at java.base/jdk.internal.reflect.DelegatingMethodAccessorImpl.invoke(DelegatingMethodAccessorImpl.java:43)
at java.base/java.lang.reflect.Method.invoke(Method.java:564)
at org.testng.internal.MethodInvocationHelper.invokeMethod(MethodInvocationHelper.java:132)
at org.testng.internal.TestInvoker.invokeMethod(TestInvoker.java:599)
at org.testng.internal.TestInvoker.invokeTestMethod(TestInvoker.java:174)
at org.testng.internal.MethodRunner.runInSequence(MethodRunner.java:46)
at org.testng.internal.TestInvoker$MethodInvocationAgent.invoke(TestInvoker.java:822)
at org.testng.internal.TestInvoker.invokeTestMethods(TestInvoker.java:147)
at org.testng.internal.TestMethodWorker.invokeTestMethods(TestMethodWorker.java:146)
at org.testng.internal.TestMethodWorker.run(TestMethodWorker.java:128)
at java.base/java.util.ArrayList.forEach(ArrayList.java:1511)
at org.testng.TestRunner.privateRun(TestRunner.java:764)
at org.testng.TestRunner.run(TestRunner.java:585)
at org.testng.SuiteRunner.runTest(SuiteRunner.java:384)
at org.testng.SuiteRunner.runSequentially(SuiteRunner.java:378)
at org.testng.SuiteRunner.privateRun(SuiteRunner.java:337)
at org.testng.SuiteRunner.run(SuiteRunner.java:286)
at org.testng.SuiteRunnerWorker.runSuite(SuiteRunnerWorker.java:53)
at org.testng.SuiteRunnerWorker.run(SuiteRunnerWorker.java:96)
at org.testng.TestNG.runSuitesSequentially(TestNG.java:1218)
at org.testng.TestNG.runSuitesLocally(TestNG.java:1140)
at org.testng.TestNG.runSuites(TestNG.java:1069)
at org.testng.TestNG.run(TestNG.java:1037)
at org.testng.remote.AbstractRemoteTestNG.run(AbstractRemoteTestNG.java:115)
at org.testng.remote.RemoteTestNG.initAndRun(RemoteTestNG.java:251)
at org.testng.remote.RemoteTestNG.main(RemoteTestNG.java:77)
]]>
            </full-stacktrace>
          </exception> <!-- org.openqa.selenium.NoSuchElementException -->
          <reporter-output>
          </reporter-output>
        </test-method> <!-- Testcase_1 -->
        <test-method is-config="true" signature="setup()[pri:0, instance:selenium1.RoiciansExcelsheetData@149e0f5d]" started-at="2021-05-21T10:50:15 GMT-04:00" name="setup" finished-at="2021-05-21T10:50:26 GMT-04:00" duration-ms="10625" status="PASS">
          <reporter-output>
          </reporter-output>
        </test-method> <!-- setup -->
        <test-method signature="Testcase_1(java.lang.String, java.lang.String, java.lang.String, java.lang.String)[pri:0, instance:selenium1.RoiciansExcelsheetData@149e0f5d]" started-at="2021-05-21T10:50:26 GMT-04:00" name="Testcase_1" data-provider="getTestData" finished-at="2021-05-21T10:50:46 GMT-04:00" duration-ms="20040" status="FAIL">
          <params>
            <param index="0">
              <value>
                <![CDATA[Vaishali Xyz]]>
              </value>
            </param>
            <param index="1">
              <value>
                <![CDATA[vaishali.Xyz@gmail.com]]>
              </value>
            </param>
            <param index="2">
              <value>
                <![CDATA[Data Driven Practice]]>
              </value>
            </param>
            <param index="3">
              <value>
                <![CDATA[4.Checking if it works :) ]]>
              </value>
            </param>
          </params>
          <exception class="org.openqa.selenium.NoSuchElementException">
            <message>
              <![CDATA[no such element: Unable to locate element: {"method":"css selector","selector":"*[name='your-name']"}
  (Session info: chrome=90.0.4430.212)
For documentation on this error, please visit: https://www.seleniumhq.org/exceptions/no_such_element.html
Build info: version: '3.141.59', revision: 'e82be7d358', time: '2018-11-14T08:25:48'
System info: host: 'PREYAL', ip: '192.168.25.1', os.name: 'Windows 10', os.arch: 'amd64', os.version: '10.0', java.version: '15.0.1'
Driver info: org.openqa.selenium.chrome.ChromeDriver
Capabilities {acceptInsecureCerts: false, browserName: chrome, browserVersion: 90.0.4430.212, chrome: {chromedriverVersion: 89.0.4389.23 (61b08ee2c5002..., userDataDir: C:\Users\Pritzs\AppData\Loc...}, goog:chromeOptions: {debuggerAddress: localhost:56856}, javascriptEnabled: true, networkConnectionEnabled: false, pageLoadStrategy: normal, platform: WINDOWS, platformName: WINDOWS, proxy: Proxy(), setWindowRect: true, strictFileInteractability: false, timeouts: {implicit: 0, pageLoad: 300000, script: 30000}, unhandledPromptBehavior: dismiss and notify, webauthn:extension:largeBlob: true, webauthn:virtualAuthenticators: true}
Session ID: 0225bf41387902e7b706ab1127c870ad
*** Element info: {Using=name, value=your-name}]]>
            </message>
            <full-stacktrace>
              <![CDATA[org.openqa.selenium.NoSuchElementException: no such element: Unable to locate element: {"method":"css selector","selector":"*[name='your-name']"}
  (Session info: chrome=90.0.4430.212)
For documentation on this error, please visit: https://www.seleniumhq.org/exceptions/no_such_element.html
Build info: version: '3.141.59', revision: 'e82be7d358', time: '2018-11-14T08:25:48'
System info: host: 'PREYAL', ip: '192.168.25.1', os.name: 'Windows 10', os.arch: 'amd64', os.version: '10.0', java.version: '15.0.1'
Driver info: org.openqa.selenium.chrome.ChromeDriver
Capabilities {acceptInsecureCerts: false, browserName: chrome, browserVersion: 90.0.4430.212, chrome: {chromedriverVersion: 89.0.4389.23 (61b08ee2c5002..., userDataDir: C:\Users\Pritzs\AppData\Loc...}, goog:chromeOptions: {debuggerAddress: localhost:56856}, javascriptEnabled: true, networkConnectionEnabled: false, pageLoadStrategy: normal, platform: WINDOWS, platformName: WINDOWS, proxy: Proxy(), setWindowRect: true, strictFileInteractability: false, timeouts: {implicit: 0, pageLoad: 300000, script: 30000}, unhandledPromptBehavior: dismiss and notify, webauthn:extension:largeBlob: true, webauthn:virtualAuthenticators: true}
Session ID: 0225bf41387902e7b706ab1127c870ad
*** Element info: {Using=name, value=your-name}
at java.base/jdk.internal.reflect.NativeConstructorAccessorImpl.newInstance0(Native Method)
at java.base/jdk.internal.reflect.NativeConstructorAccessorImpl.newInstance(NativeConstructorAccessorImpl.java:64)
at java.base/jdk.internal.reflect.DelegatingConstructorAccessorImpl.newInstance(DelegatingConstructorAccessorImpl.java:45)
at java.base/java.lang.reflect.Constructor.newInstanceWithCaller(Constructor.java:500)
at java.base/java.lang.reflect.Constructor.newInstance(Constructor.java:481)
at org.openqa.selenium.remote.http.W3CHttpResponseCodec.createException(W3CHttpResponseCodec.java:187)
at org.openqa.selenium.remote.http.W3CHttpResponseCodec.decode(W3CHttpResponseCodec.java:122)
at org.openqa.selenium.remote.http.W3CHttpResponseCodec.decode(W3CHttpResponseCodec.java:49)
at org.openqa.selenium.remote.HttpCommandExecutor.execute(HttpCommandExecutor.java:158)
at org.openqa.selenium.remote.service.DriverCommandExecutor.execute(DriverCommandExecutor.java:83)
at org.openqa.selenium.remote.RemoteWebDriver.execute(RemoteWebDriver.java:552)
at org.openqa.selenium.remote.RemoteWebDriver.findElement(RemoteWebDriver.java:323)
at org.openqa.selenium.remote.RemoteWebDriver.findElementByName(RemoteWebDriver.java:404)
at org.openqa.selenium.By$ByName.findElement(By.java:284)
at org.openqa.selenium.remote.RemoteWebDriver.findElement(RemoteWebDriver.java:315)
at selenium1.RoiciansExcelsheetData.Testcase_1(RoiciansExcelsheetData.java:49)
at java.base/jdk.internal.reflect.NativeMethodAccessorImpl.invoke0(Native Method)
at java.base/jdk.internal.reflect.NativeMethodAccessorImpl.invoke(NativeMethodAccessorImpl.java:64)
at java.base/jdk.internal.reflect.DelegatingMethodAccessorImpl.invoke(DelegatingMethodAccessorImpl.java:43)
at java.base/java.lang.reflect.Method.invoke(Method.java:564)
at org.testng.internal.MethodInvocationHelper.invokeMethod(MethodInvocationHelper.java:132)
at org.testng.internal.TestInvoker.invokeMethod(TestInvoker.java:599)
at org.testng.internal.TestInvoker.invokeTestMethod(TestInvoker.java:174)
at org.testng.internal.MethodRunner.runInSequence(MethodRunner.java:46)
at org.testng.internal.TestInvoker$MethodInvocationAgent.invoke(TestInvoker.java:822)
at org.testng.internal.TestInvoker.invokeTestMethods(TestInvoker.java:147)
at org.testng.internal.TestMethodWorker.invokeTestMethods(TestMethodWorker.java:146)
at org.testng.internal.TestMethodWorker.run(TestMethodWorker.java:128)
at java.base/java.util.ArrayList.forEach(ArrayList.java:1511)
at org.testng.TestRunner.privateRun(TestRunner.java:764)
at org.testng.TestRunner.run(TestRunner.java:585)
at org.testng.SuiteRunner.runTest(SuiteRunner.java:384)
at org.testng.SuiteRunner.runSequentially(SuiteRunner.java:378)
at org.testng.SuiteRunner.privateRun(SuiteRunner.java:337)
at org.testng.SuiteRunner.run(SuiteRunner.java:286)
at org.testng.SuiteRunnerWorker.runSuite(SuiteRunnerWorker.java:53)
at org.testng.SuiteRunnerWorker.run(SuiteRunnerWorker.java:96)
at org.testng.TestNG.runSuitesSequentially(TestNG.java:1218)
at org.testng.TestNG.runSuitesLocally(TestNG.java:1140)
at org.testng.TestNG.runSuites(TestNG.java:1069)
at org.testng.TestNG.run(TestNG.java:1037)
at org.testng.remote.AbstractRemoteTestNG.run(AbstractRemoteTestNG.java:115)
at org.testng.remote.RemoteTestNG.initAndRun(RemoteTestNG.java:251)
at org.testng.remote.RemoteTestNG.main(RemoteTestNG.java:77)
]]>
            </full-stacktrace>
          </exception> <!-- org.openqa.selenium.NoSuchElementException -->
          <reporter-output>
          </reporter-output>
        </test-method> <!-- Testcase_1 -->
        <test-method is-config="true" signature="setup()[pri:0, instance:selenium1.RoiciansExcelsheetData@149e0f5d]" started-at="2021-05-21T10:50:46 GMT-04:00" name="setup" finished-at="2021-05-21T10:50:50 GMT-04:00" duration-ms="4708" status="FAIL">
          <exception class="org.openqa.selenium.SessionNotCreatedException">
            <message>
              <![CDATA[session not created
from disconnected: received Inspector.detached event
  (Session info: chrome=90.0.4430.212)
Build info: version: '3.141.59', revision: 'e82be7d358', time: '2018-11-14T08:25:48'
System info: host: 'PREYAL', ip: '192.168.25.1', os.name: 'Windows 10', os.arch: 'amd64', os.version: '10.0', java.version: '15.0.1'
Driver info: driver.version: ChromeDriver
remote stacktrace: Backtrace:
Ordinal0 [0x00BEE7D3+124883]
Ordinal0 [0x00BEE7B1+124849]
GetHandleVerifier [0x00E38688+193832]
GetHandleVerifier [0x00E2CB71+145937]
GetHandleVerifier [0x00E2C7F9+145049]
GetHandleVerifier [0x00E2BF7D+142877]
GetHandleVerifier [0x00E2B45E+140030]
GetHandleVerifier [0x00E2B6E6+140678]
GetHandleVerifier [0x00E2B025+138949]
GetHandleVerifier [0x00E34679+177433]
GetHandleVerifier [0x00E2AFE1+138881]
GetHandleVerifier [0x00E2BD62+142338]
GetHandleVerifier [0x00E2B45E+140030]
GetHandleVerifier [0x00E2B6E6+140678]
GetHandleVerifier [0x00E2B025+138949]
GetHandleVerifier [0x00E32A0A+170154]
GetHandleVerifier [0x00E2AFE1+138881]
GetHandleVerifier [0x00E2BD62+142338]
GetHandleVerifier [0x00E2B45E+140030]
GetHandleVerifier [0x00E2B6E6+140678]
GetHandleVerifier [0x00E2B025+138949]
GetHandleVerifier [0x00E30D69+162825]
GetHandleVerifier [0x00E2AFE1+138881]
GetHandleVerifier [0x00E2BD62+142338]
GetHandleVerifier [0x00E2B45E+140030]
GetHandleVerifier [0x00E2B6E6+140678]
GetHandleVerifier [0x00E2B025+138949]
GetHandleVerifier [0x00E3017C+159772]
GetHandleVerifier [0x00E2AFE1+138881]
GetHandleVerifier [0x00E2BD62+142338]
GetHandleVerifier [0x00E2B45E+140030]
GetHandleVerifier [0x00E2B6E6+140678]
GetHandleVerifier [0x00E2B025+138949]
GetHandleVerifier [0x00E276ED+124301]
GetHandleVerifier [0x00E2AFE1+138881]
GetHandleVerifier [0x00E2AE03+138403]
GetHandleVerifier [0x00E2ABF7+137879]
GetHandleVerifier [0x00E39930+198608]
GetHandleVerifier [0x00E75758+443896]
GetHandleVerifier [0x00E747FC+439964]
GetHandleVerifier [0x00E7154B+426987]
GetHandleVerifier [0x00E54FFD+310941]
GetHandleVerifier [0x00E55D8E+314414]
GetHandleVerifier [0x00E55D19+314297]
GetHandleVerifier [0x00F131EC+1089676]
GetHandleVerifier [0x00F117C9+1082985]
GetHandleVerifier [0x00F113A3+1081923]
GetHandleVerifier [0x0100D9FD+2115741]
Ordinal0 [0x00D3B82E+1488942]
Ordinal0 [0x00CD5A7D+1071741]
Ordinal0 [0x00CD559B+1070491]
Ordinal0 [0x00CD54B1+1070257]
Ordinal0 [0x00D0FF53+1310547]
BaseThreadInitThunk [0x767C6359+25]
RtlGetAppContainerNamedObjectPath [0x77058964+228]
RtlGetAppContainerNamedObjectPath [0x77058934+180]
]]>
            </message>
            <full-stacktrace>
              <![CDATA[org.openqa.selenium.SessionNotCreatedException: session not created
from disconnected: received Inspector.detached event
  (Session info: chrome=90.0.4430.212)
Build info: version: '3.141.59', revision: 'e82be7d358', time: '2018-11-14T08:25:48'
System info: host: 'PREYAL', ip: '192.168.25.1', os.name: 'Windows 10', os.arch: 'amd64', os.version: '10.0', java.version: '15.0.1'
Driver info: driver.version: ChromeDriver
remote stacktrace: Backtrace:
Ordinal0 [0x00BEE7D3+124883]
Ordinal0 [0x00BEE7B1+124849]
GetHandleVerifier [0x00E38688+193832]
GetHandleVerifier [0x00E2CB71+145937]
GetHandleVerifier [0x00E2C7F9+145049]
GetHandleVerifier [0x00E2BF7D+142877]
GetHandleVerifier [0x00E2B45E+140030]
GetHandleVerifier [0x00E2B6E6+140678]
GetHandleVerifier [0x00E2B025+138949]
GetHandleVerifier [0x00E34679+177433]
GetHandleVerifier [0x00E2AFE1+138881]
GetHandleVerifier [0x00E2BD62+142338]
GetHandleVerifier [0x00E2B45E+140030]
GetHandleVerifier [0x00E2B6E6+140678]
GetHandleVerifier [0x00E2B025+138949]
GetHandleVerifier [0x00E32A0A+170154]
GetHandleVerifier [0x00E2AFE1+138881]
GetHandleVerifier [0x00E2BD62+142338]
GetHandleVerifier [0x00E2B45E+140030]
GetHandleVerifier [0x00E2B6E6+140678]
GetHandleVerifier [0x00E2B025+138949]
GetHandleVerifier [0x00E30D69+162825]
GetHandleVerifier [0x00E2AFE1+138881]
GetHandleVerifier [0x00E2BD62+142338]
GetHandleVerifier [0x00E2B45E+140030]
GetHandleVerifier [0x00E2B6E6+140678]
GetHandleVerifier [0x00E2B025+138949]
GetHandleVerifier [0x00E3017C+159772]
GetHandleVerifier [0x00E2AFE1+138881]
GetHandleVerifier [0x00E2BD62+142338]
GetHandleVerifier [0x00E2B45E+140030]
GetHandleVerifier [0x00E2B6E6+140678]
GetHandleVerifier [0x00E2B025+138949]
GetHandleVerifier [0x00E276ED+124301]
GetHandleVerifier [0x00E2AFE1+138881]
GetHandleVerifier [0x00E2AE03+138403]
GetHandleVerifier [0x00E2ABF7+137879]
GetHandleVerifier [0x00E39930+198608]
GetHandleVerifier [0x00E75758+443896]
GetHandleVerifier [0x00E747FC+439964]
GetHandleVerifier [0x00E7154B+426987]
GetHandleVerifier [0x00E54FFD+310941]
GetHandleVerifier [0x00E55D8E+314414]
GetHandleVerifier [0x00E55D19+314297]
GetHandleVerifier [0x00F131EC+1089676]
GetHandleVerifier [0x00F117C9+1082985]
GetHandleVerifier [0x00F113A3+1081923]
GetHandleVerifier [0x0100D9FD+2115741]
Ordinal0 [0x00D3B82E+1488942]
Ordinal0 [0x00CD5A7D+1071741]
Ordinal0 [0x00CD559B+1070491]
Ordinal0 [0x00CD54B1+1070257]
Ordinal0 [0x00D0FF53+1310547]
BaseThreadInitThunk [0x767C6359+25]
RtlGetAppContainerNamedObjectPath [0x77058964+228]
RtlGetAppContainerNamedObjectPath [0x77058934+180]

at java.base/jdk.internal.reflect.NativeConstructorAccessorImpl.newInstance0(Native Method)
at java.base/jdk.internal.reflect.NativeConstructorAccessorImpl.newInstance(NativeConstructorAccessorImpl.java:64)
at java.base/jdk.internal.reflect.DelegatingConstructorAccessorImpl.newInstance(DelegatingConstructorAccessorImpl.java:45)
at java.base/java.lang.reflect.Constructor.newInstanceWithCaller(Constructor.java:500)
at java.base/java.lang.reflect.Constructor.newInstance(Constructor.java:481)
at org.openqa.selenium.remote.W3CHandshakeResponse.lambda$errorHandler$0(W3CHandshakeResponse.java:62)
at org.openqa.selenium.remote.HandshakeResponse.lambda$getResponseFunction$0(HandshakeResponse.java:30)
at org.openqa.selenium.remote.ProtocolHandshake.lambda$createSession$0(ProtocolHandshake.java:126)
at java.base/java.util.stream.ReferencePipeline$3$1.accept(ReferencePipeline.java:195)
at java.base/java.util.Spliterators$ArraySpliterator.tryAdvance(Spliterators.java:958)
at java.base/java.util.stream.ReferencePipeline.forEachWithCancel(ReferencePipeline.java:127)
at java.base/java.util.stream.AbstractPipeline.copyIntoWithCancel(AbstractPipeline.java:502)
at java.base/java.util.stream.AbstractPipeline.copyInto(AbstractPipeline.java:488)
at java.base/java.util.stream.AbstractPipeline.wrapAndCopyInto(AbstractPipeline.java:474)
at java.base/java.util.stream.FindOps$FindOp.evaluateSequential(FindOps.java:150)
at java.base/java.util.stream.AbstractPipeline.evaluate(AbstractPipeline.java:234)
at java.base/java.util.stream.ReferencePipeline.findFirst(ReferencePipeline.java:543)
at org.openqa.selenium.remote.ProtocolHandshake.createSession(ProtocolHandshake.java:128)
at org.openqa.selenium.remote.ProtocolHandshake.createSession(ProtocolHandshake.java:74)
at org.openqa.selenium.remote.HttpCommandExecutor.execute(HttpCommandExecutor.java:136)
at org.openqa.selenium.remote.service.DriverCommandExecutor.execute(DriverCommandExecutor.java:83)
at org.openqa.selenium.remote.RemoteWebDriver.execute(RemoteWebDriver.java:552)
at org.openqa.selenium.remote.RemoteWebDriver.startSession(RemoteWebDriver.java:213)
at org.openqa.selenium.remote.RemoteWebDriver.<init>(RemoteWebDriver.java:131)
at org.openqa.selenium.chrome.ChromeDriver.<init>(ChromeDriver.java:181)
at org.openqa.selenium.chrome.ChromeDriver.<init>(ChromeDriver.java:168)
at org.openqa.selenium.chrome.ChromeDriver.<init>(ChromeDriver.java:123)
at selenium1.RoiciansExcelsheetData.setup(RoiciansExcelsheetData.java:30)
at java.base/jdk.internal.reflect.NativeMethodAccessorImpl.invoke0(Native Method)
at java.base/jdk.internal.reflect.NativeMethodAccessorImpl.invoke(NativeMethodAccessorImpl.java:64)
at java.base/jdk.internal.reflect.DelegatingMethodAccessorImpl.invoke(DelegatingMethodAccessorImpl.java:43)
at java.base/java.lang.reflect.Method.invoke(Method.java:564)
at org.testng.internal.MethodInvocationHelper.invokeMethod(MethodInvocationHelper.java:132)
at org.testng.internal.MethodInvocationHelper.invokeMethodConsideringTimeout(MethodInvocationHelper.java:61)
at org.testng.internal.ConfigInvoker.invokeConfigurationMethod(ConfigInvoker.java:366)
at org.testng.internal.ConfigInvoker.invokeConfigurations(ConfigInvoker.java:320)
at org.testng.internal.TestInvoker.runConfigMethods(TestInvoker.java:701)
at org.testng.internal.TestInvoker.invokeMethod(TestInvoker.java:527)
at org.testng.internal.TestInvoker.invokeTestMethod(TestInvoker.java:174)
at org.testng.internal.MethodRunner.runInSequence(MethodRunner.java:46)
at org.testng.internal.TestInvoker$MethodInvocationAgent.invoke(TestInvoker.java:822)
at org.testng.internal.TestInvoker.invokeTestMethods(TestInvoker.java:147)
at org.testng.internal.TestMethodWorker.invokeTestMethods(TestMethodWorker.java:146)
at org.testng.internal.TestMethodWorker.run(TestMethodWorker.java:128)
at java.base/java.util.ArrayList.forEach(ArrayList.java:1511)
at org.testng.TestRunner.privateRun(TestRunner.java:764)
at org.testng.TestRunner.run(TestRunner.java:585)
at org.testng.SuiteRunner.runTest(SuiteRunner.java:384)
at org.testng.SuiteRunner.runSequentially(SuiteRunner.java:378)
at org.testng.SuiteRunner.privateRun(SuiteRunner.java:337)
at org.testng.SuiteRunner.run(SuiteRunner.java:286)
at org.testng.SuiteRunnerWorker.runSuite(SuiteRunnerWorker.java:53)
at org.testng.SuiteRunnerWorker.run(SuiteRunnerWorker.java:96)
at org.testng.TestNG.runSuitesSequentially(TestNG.java:1218)
at org.testng.TestNG.runSuitesLocally(TestNG.java:1140)
at org.testng.TestNG.runSuites(TestNG.java:1069)
at org.testng.TestNG.run(TestNG.java:1037)
at org.testng.remote.AbstractRemoteTestNG.run(AbstractRemoteTestNG.java:115)
at org.testng.remote.RemoteTestNG.initAndRun(RemoteTestNG.java:251)
at org.testng.remote.RemoteTestNG.main(RemoteTestNG.java:77)
]]>
            </full-stacktrace>
          </exception> <!-- org.openqa.selenium.SessionNotCreatedException -->
          <reporter-output>
          </reporter-output>
        </test-method> <!-- setup -->
        <test-method signature="Testcase_1(java.lang.String, java.lang.String, java.lang.String, java.lang.String)[pri:0, instance:selenium1.RoiciansExcelsheetData@149e0f5d]" started-at="2021-05-21T10:50:50 GMT-04:00" name="Testcase_1" data-provider="getTestData" finished-at="2021-05-21T10:50:50 GMT-04:00" duration-ms="0" status="SKIP">
          <params>
            <param index="0">
              <value>
                <![CDATA[Harprit Xyz]]>
              </value>
            </param>
            <param index="1">
              <value>
                <![CDATA[Harprit.Xyz@gmail.com]]>
              </value>
            </param>
            <param index="2">
              <value>
                <![CDATA[Data Driven Practice]]>
              </value>
            </param>
            <param index="3">
              <value>
                <![CDATA[5.Checking if it works :) ]]>
              </value>
            </param>
          </params>
          <exception class="org.openqa.selenium.SessionNotCreatedException">
            <message>
              <![CDATA[session not created
from disconnected: received Inspector.detached event
  (Session info: chrome=90.0.4430.212)
Build info: version: '3.141.59', revision: 'e82be7d358', time: '2018-11-14T08:25:48'
System info: host: 'PREYAL', ip: '192.168.25.1', os.name: 'Windows 10', os.arch: 'amd64', os.version: '10.0', java.version: '15.0.1'
Driver info: driver.version: ChromeDriver
remote stacktrace: Backtrace:
Ordinal0 [0x00BEE7D3+124883]
Ordinal0 [0x00BEE7B1+124849]
GetHandleVerifier [0x00E38688+193832]
GetHandleVerifier [0x00E2CB71+145937]
GetHandleVerifier [0x00E2C7F9+145049]
GetHandleVerifier [0x00E2BF7D+142877]
GetHandleVerifier [0x00E2B45E+140030]
GetHandleVerifier [0x00E2B6E6+140678]
GetHandleVerifier [0x00E2B025+138949]
GetHandleVerifier [0x00E34679+177433]
GetHandleVerifier [0x00E2AFE1+138881]
GetHandleVerifier [0x00E2BD62+142338]
GetHandleVerifier [0x00E2B45E+140030]
GetHandleVerifier [0x00E2B6E6+140678]
GetHandleVerifier [0x00E2B025+138949]
GetHandleVerifier [0x00E32A0A+170154]
GetHandleVerifier [0x00E2AFE1+138881]
GetHandleVerifier [0x00E2BD62+142338]
GetHandleVerifier [0x00E2B45E+140030]
GetHandleVerifier [0x00E2B6E6+140678]
GetHandleVerifier [0x00E2B025+138949]
GetHandleVerifier [0x00E30D69+162825]
GetHandleVerifier [0x00E2AFE1+138881]
GetHandleVerifier [0x00E2BD62+142338]
GetHandleVerifier [0x00E2B45E+140030]
GetHandleVerifier [0x00E2B6E6+140678]
GetHandleVerifier [0x00E2B025+138949]
GetHandleVerifier [0x00E3017C+159772]
GetHandleVerifier [0x00E2AFE1+138881]
GetHandleVerifier [0x00E2BD62+142338]
GetHandleVerifier [0x00E2B45E+140030]
GetHandleVerifier [0x00E2B6E6+140678]
GetHandleVerifier [0x00E2B025+138949]
GetHandleVerifier [0x00E276ED+124301]
GetHandleVerifier [0x00E2AFE1+138881]
GetHandleVerifier [0x00E2AE03+138403]
GetHandleVerifier [0x00E2ABF7+137879]
GetHandleVerifier [0x00E39930+198608]
GetHandleVerifier [0x00E75758+443896]
GetHandleVerifier [0x00E747FC+439964]
GetHandleVerifier [0x00E7154B+426987]
GetHandleVerifier [0x00E54FFD+310941]
GetHandleVerifier [0x00E55D8E+314414]
GetHandleVerifier [0x00E55D19+314297]
GetHandleVerifier [0x00F131EC+1089676]
GetHandleVerifier [0x00F117C9+1082985]
GetHandleVerifier [0x00F113A3+1081923]
GetHandleVerifier [0x0100D9FD+2115741]
Ordinal0 [0x00D3B82E+1488942]
Ordinal0 [0x00CD5A7D+1071741]
Ordinal0 [0x00CD559B+1070491]
Ordinal0 [0x00CD54B1+1070257]
Ordinal0 [0x00D0FF53+1310547]
BaseThreadInitThunk [0x767C6359+25]
RtlGetAppContainerNamedObjectPath [0x77058964+228]
RtlGetAppContainerNamedObjectPath [0x77058934+180]
]]>
            </message>
            <full-stacktrace>
              <![CDATA[org.openqa.selenium.SessionNotCreatedException: session not created
from disconnected: received Inspector.detached event
  (Session info: chrome=90.0.4430.212)
Build info: version: '3.141.59', revision: 'e82be7d358', time: '2018-11-14T08:25:48'
System info: host: 'PREYAL', ip: '192.168.25.1', os.name: 'Windows 10', os.arch: 'amd64', os.version: '10.0', java.version: '15.0.1'
Driver info: driver.version: ChromeDriver
remote stacktrace: Backtrace:
Ordinal0 [0x00BEE7D3+124883]
Ordinal0 [0x00BEE7B1+124849]
GetHandleVerifier [0x00E38688+193832]
GetHandleVerifier [0x00E2CB71+145937]
GetHandleVerifier [0x00E2C7F9+145049]
GetHandleVerifier [0x00E2BF7D+142877]
GetHandleVerifier [0x00E2B45E+140030]
GetHandleVerifier [0x00E2B6E6+140678]
GetHandleVerifier [0x00E2B025+138949]
GetHandleVerifier [0x00E34679+177433]
GetHandleVerifier [0x00E2AFE1+138881]
GetHandleVerifier [0x00E2BD62+142338]
GetHandleVerifier [0x00E2B45E+140030]
GetHandleVerifier [0x00E2B6E6+140678]
GetHandleVerifier [0x00E2B025+138949]
GetHandleVerifier [0x00E32A0A+170154]
GetHandleVerifier [0x00E2AFE1+138881]
GetHandleVerifier [0x00E2BD62+142338]
GetHandleVerifier [0x00E2B45E+140030]
GetHandleVerifier [0x00E2B6E6+140678]
GetHandleVerifier [0x00E2B025+138949]
GetHandleVerifier [0x00E30D69+162825]
GetHandleVerifier [0x00E2AFE1+138881]
GetHandleVerifier [0x00E2BD62+142338]
GetHandleVerifier [0x00E2B45E+140030]
GetHandleVerifier [0x00E2B6E6+140678]
GetHandleVerifier [0x00E2B025+138949]
GetHandleVerifier [0x00E3017C+159772]
GetHandleVerifier [0x00E2AFE1+138881]
GetHandleVerifier [0x00E2BD62+142338]
GetHandleVerifier [0x00E2B45E+140030]
GetHandleVerifier [0x00E2B6E6+140678]
GetHandleVerifier [0x00E2B025+138949]
GetHandleVerifier [0x00E276ED+124301]
GetHandleVerifier [0x00E2AFE1+138881]
GetHandleVerifier [0x00E2AE03+138403]
GetHandleVerifier [0x00E2ABF7+137879]
GetHandleVerifier [0x00E39930+198608]
GetHandleVerifier [0x00E75758+443896]
GetHandleVerifier [0x00E747FC+439964]
GetHandleVerifier [0x00E7154B+426987]
GetHandleVerifier [0x00E54FFD+310941]
GetHandleVerifier [0x00E55D8E+314414]
GetHandleVerifier [0x00E55D19+314297]
GetHandleVerifier [0x00F131EC+1089676]
GetHandleVerifier [0x00F117C9+1082985]
GetHandleVerifier [0x00F113A3+1081923]
GetHandleVerifier [0x0100D9FD+2115741]
Ordinal0 [0x00D3B82E+1488942]
Ordinal0 [0x00CD5A7D+1071741]
Ordinal0 [0x00CD559B+1070491]
Ordinal0 [0x00CD54B1+1070257]
Ordinal0 [0x00D0FF53+1310547]
BaseThreadInitThunk [0x767C6359+25]
RtlGetAppContainerNamedObjectPath [0x77058964+228]
RtlGetAppContainerNamedObjectPath [0x77058934+180]

at java.base/jdk.internal.reflect.NativeConstructorAccessorImpl.newInstance0(Native Method)
at java.base/jdk.internal.reflect.NativeConstructorAccessorImpl.newInstance(NativeConstructorAccessorImpl.java:64)
at java.base/jdk.internal.reflect.DelegatingConstructorAccessorImpl.newInstance(DelegatingConstructorAccessorImpl.java:45)
at java.base/java.lang.reflect.Constructor.newInstanceWithCaller(Constructor.java:500)
at java.base/java.lang.reflect.Constructor.newInstance(Constructor.java:481)
at org.openqa.selenium.remote.W3CHandshakeResponse.lambda$errorHandler$0(W3CHandshakeResponse.java:62)
at org.openqa.selenium.remote.HandshakeResponse.lambda$getResponseFunction$0(HandshakeResponse.java:30)
at org.openqa.selenium.remote.ProtocolHandshake.lambda$createSession$0(ProtocolHandshake.java:126)
at java.base/java.util.stream.ReferencePipeline$3$1.accept(ReferencePipeline.java:195)
at java.base/java.util.Spliterators$ArraySpliterator.tryAdvance(Spliterators.java:958)
at java.base/java.util.stream.ReferencePipeline.forEachWithCancel(ReferencePipeline.java:127)
at java.base/java.util.stream.AbstractPipeline.copyIntoWithCancel(AbstractPipeline.java:502)
at java.base/java.util.stream.AbstractPipeline.copyInto(AbstractPipeline.java:488)
at java.base/java.util.stream.AbstractPipeline.wrapAndCopyInto(AbstractPipeline.java:474)
at java.base/java.util.stream.FindOps$FindOp.evaluateSequential(FindOps.java:150)
at java.base/java.util.stream.AbstractPipeline.evaluate(AbstractPipeline.java:234)
at java.base/java.util.stream.ReferencePipeline.findFirst(ReferencePipeline.java:543)
at org.openqa.selenium.remote.ProtocolHandshake.createSession(ProtocolHandshake.java:128)
at org.openqa.selenium.remote.ProtocolHandshake.createSession(ProtocolHandshake.java:74)
at org.openqa.selenium.remote.HttpCommandExecutor.execute(HttpCommandExecutor.java:136)
at org.openqa.selenium.remote.service.DriverCommandExecutor.execute(DriverCommandExecutor.java:83)
at org.openqa.selenium.remote.RemoteWebDriver.execute(RemoteWebDriver.java:552)
at org.openqa.selenium.remote.RemoteWebDriver.startSession(RemoteWebDriver.java:213)
at org.openqa.selenium.remote.RemoteWebDriver.<init>(RemoteWebDriver.java:131)
at org.openqa.selenium.chrome.ChromeDriver.<init>(ChromeDriver.java:181)
at org.openqa.selenium.chrome.ChromeDriver.<init>(ChromeDriver.java:168)
at org.openqa.selenium.chrome.ChromeDriver.<init>(ChromeDriver.java:123)
at selenium1.RoiciansExcelsheetData.setup(RoiciansExcelsheetData.java:30)
at java.base/jdk.internal.reflect.NativeMethodAccessorImpl.invoke0(Native Method)
at java.base/jdk.internal.reflect.NativeMethodAccessorImpl.invoke(NativeMethodAccessorImpl.java:64)
at java.base/jdk.internal.reflect.DelegatingMethodAccessorImpl.invoke(DelegatingMethodAccessorImpl.java:43)
at java.base/java.lang.reflect.Method.invoke(Method.java:564)
at org.testng.internal.MethodInvocationHelper.invokeMethod(MethodInvocationHelper.java:132)
at org.testng.internal.MethodInvocationHelper.invokeMethodConsideringTimeout(MethodInvocationHelper.java:61)
at org.testng.internal.ConfigInvoker.invokeConfigurationMethod(ConfigInvoker.java:366)
at org.testng.internal.ConfigInvoker.invokeConfigurations(ConfigInvoker.java:320)
at org.testng.internal.TestInvoker.runConfigMethods(TestInvoker.java:701)
at org.testng.internal.TestInvoker.invokeMethod(TestInvoker.java:527)
at org.testng.internal.TestInvoker.invokeTestMethod(TestInvoker.java:174)
at org.testng.internal.MethodRunner.runInSequence(MethodRunner.java:46)
at org.testng.internal.TestInvoker$MethodInvocationAgent.invoke(TestInvoker.java:822)
at org.testng.internal.TestInvoker.invokeTestMethods(TestInvoker.java:147)
at org.testng.internal.TestMethodWorker.invokeTestMethods(TestMethodWorker.java:146)
at org.testng.internal.TestMethodWorker.run(TestMethodWorker.java:128)
at java.base/java.util.ArrayList.forEach(ArrayList.java:1511)
at org.testng.TestRunner.privateRun(TestRunner.java:764)
at org.testng.TestRunner.run(TestRunner.java:585)
at org.testng.SuiteRunner.runTest(SuiteRunner.java:384)
at org.testng.SuiteRunner.runSequentially(SuiteRunner.java:378)
at org.testng.SuiteRunner.privateRun(SuiteRunner.java:337)
at org.testng.SuiteRunner.run(SuiteRunner.java:286)
at org.testng.SuiteRunnerWorker.runSuite(SuiteRunnerWorker.java:53)
at org.testng.SuiteRunnerWorker.run(SuiteRunnerWorker.java:96)
at org.testng.TestNG.runSuitesSequentially(TestNG.java:1218)
at org.testng.TestNG.runSuitesLocally(TestNG.java:1140)
at org.testng.TestNG.runSuites(TestNG.java:1069)
at org.testng.TestNG.run(TestNG.java:1037)
at org.testng.remote.AbstractRemoteTestNG.run(AbstractRemoteTestNG.java:115)
at org.testng.remote.RemoteTestNG.initAndRun(RemoteTestNG.java:251)
at org.testng.remote.RemoteTestNG.main(RemoteTestNG.java:77)
]]>
            </full-stacktrace>
          </exception> <!-- org.openqa.selenium.SessionNotCreatedException -->
          <reporter-output>
          </reporter-output>
        </test-method> <!-- Testcase_1 -->
        <test-method is-config="true" signature="setup()[pri:0, instance:selenium1.RoiciansExcelsheetData@149e0f5d]" started-at="2021-05-21T10:50:50 GMT-04:00" name="setup" finished-at="1969-12-31T19:00:00 GMT-05:00" duration-ms="-1621608650961" status="SKIP">
          <reporter-output>
          </reporter-output>
        </test-method> <!-- setup -->
        <test-method signature="Testcase_1(java.lang.String, java.lang.String, java.lang.String, java.lang.String)[pri:0, instance:selenium1.RoiciansExcelsheetData@149e0f5d]" started-at="2021-05-21T10:50:50 GMT-04:00" name="Testcase_1" data-provider="getTestData" finished-at="2021-05-21T10:50:50 GMT-04:00" duration-ms="0" status="SKIP">
          <params>
            <param index="0">
              <value>
                <![CDATA[RamanPrit Xyz]]>
              </value>
            </param>
            <param index="1">
              <value>
                <![CDATA[Raman.Xyz@gmail.com]]>
              </value>
            </param>
            <param index="2">
              <value>
                <![CDATA[Data Driven Practice]]>
              </value>
            </param>
            <param index="3">
              <value>
                <![CDATA[6.Checking if it works :) ]]>
              </value>
            </param>
          </params>
          <exception class="org.openqa.selenium.SessionNotCreatedException">
            <message>
              <![CDATA[session not created
from disconnected: received Inspector.detached event
  (Session info: chrome=90.0.4430.212)
Build info: version: '3.141.59', revision: 'e82be7d358', time: '2018-11-14T08:25:48'
System info: host: 'PREYAL', ip: '192.168.25.1', os.name: 'Windows 10', os.arch: 'amd64', os.version: '10.0', java.version: '15.0.1'
Driver info: driver.version: ChromeDriver
remote stacktrace: Backtrace:
Ordinal0 [0x00BEE7D3+124883]
Ordinal0 [0x00BEE7B1+124849]
GetHandleVerifier [0x00E38688+193832]
GetHandleVerifier [0x00E2CB71+145937]
GetHandleVerifier [0x00E2C7F9+145049]
GetHandleVerifier [0x00E2BF7D+142877]
GetHandleVerifier [0x00E2B45E+140030]
GetHandleVerifier [0x00E2B6E6+140678]
GetHandleVerifier [0x00E2B025+138949]
GetHandleVerifier [0x00E34679+177433]
GetHandleVerifier [0x00E2AFE1+138881]
GetHandleVerifier [0x00E2BD62+142338]
GetHandleVerifier [0x00E2B45E+140030]
GetHandleVerifier [0x00E2B6E6+140678]
GetHandleVerifier [0x00E2B025+138949]
GetHandleVerifier [0x00E32A0A+170154]
GetHandleVerifier [0x00E2AFE1+138881]
GetHandleVerifier [0x00E2BD62+142338]
GetHandleVerifier [0x00E2B45E+140030]
GetHandleVerifier [0x00E2B6E6+140678]
GetHandleVerifier [0x00E2B025+138949]
GetHandleVerifier [0x00E30D69+162825]
GetHandleVerifier [0x00E2AFE1+138881]
GetHandleVerifier [0x00E2BD62+142338]
GetHandleVerifier [0x00E2B45E+140030]
GetHandleVerifier [0x00E2B6E6+140678]
GetHandleVerifier [0x00E2B025+138949]
GetHandleVerifier [0x00E3017C+159772]
GetHandleVerifier [0x00E2AFE1+138881]
GetHandleVerifier [0x00E2BD62+142338]
GetHandleVerifier [0x00E2B45E+140030]
GetHandleVerifier [0x00E2B6E6+140678]
GetHandleVerifier [0x00E2B025+138949]
GetHandleVerifier [0x00E276ED+124301]
GetHandleVerifier [0x00E2AFE1+138881]
GetHandleVerifier [0x00E2AE03+138403]
GetHandleVerifier [0x00E2ABF7+137879]
GetHandleVerifier [0x00E39930+198608]
GetHandleVerifier [0x00E75758+443896]
GetHandleVerifier [0x00E747FC+439964]
GetHandleVerifier [0x00E7154B+426987]
GetHandleVerifier [0x00E54FFD+310941]
GetHandleVerifier [0x00E55D8E+314414]
GetHandleVerifier [0x00E55D19+314297]
GetHandleVerifier [0x00F131EC+1089676]
GetHandleVerifier [0x00F117C9+1082985]
GetHandleVerifier [0x00F113A3+1081923]
GetHandleVerifier [0x0100D9FD+2115741]
Ordinal0 [0x00D3B82E+1488942]
Ordinal0 [0x00CD5A7D+1071741]
Ordinal0 [0x00CD559B+1070491]
Ordinal0 [0x00CD54B1+1070257]
Ordinal0 [0x00D0FF53+1310547]
BaseThreadInitThunk [0x767C6359+25]
RtlGetAppContainerNamedObjectPath [0x77058964+228]
RtlGetAppContainerNamedObjectPath [0x77058934+180]
]]>
            </message>
            <full-stacktrace>
              <![CDATA[org.openqa.selenium.SessionNotCreatedException: session not created
from disconnected: received Inspector.detached event
  (Session info: chrome=90.0.4430.212)
Build info: version: '3.141.59', revision: 'e82be7d358', time: '2018-11-14T08:25:48'
System info: host: 'PREYAL', ip: '192.168.25.1', os.name: 'Windows 10', os.arch: 'amd64', os.version: '10.0', java.version: '15.0.1'
Driver info: driver.version: ChromeDriver
remote stacktrace: Backtrace:
Ordinal0 [0x00BEE7D3+124883]
Ordinal0 [0x00BEE7B1+124849]
GetHandleVerifier [0x00E38688+193832]
GetHandleVerifier [0x00E2CB71+145937]
GetHandleVerifier [0x00E2C7F9+145049]
GetHandleVerifier [0x00E2BF7D+142877]
GetHandleVerifier [0x00E2B45E+140030]
GetHandleVerifier [0x00E2B6E6+140678]
GetHandleVerifier [0x00E2B025+138949]
GetHandleVerifier [0x00E34679+177433]
GetHandleVerifier [0x00E2AFE1+138881]
GetHandleVerifier [0x00E2BD62+142338]
GetHandleVerifier [0x00E2B45E+140030]
GetHandleVerifier [0x00E2B6E6+140678]
GetHandleVerifier [0x00E2B025+138949]
GetHandleVerifier [0x00E32A0A+170154]
GetHandleVerifier [0x00E2AFE1+138881]
GetHandleVerifier [0x00E2BD62+142338]
GetHandleVerifier [0x00E2B45E+140030]
GetHandleVerifier [0x00E2B6E6+140678]
GetHandleVerifier [0x00E2B025+138949]
GetHandleVerifier [0x00E30D69+162825]
GetHandleVerifier [0x00E2AFE1+138881]
GetHandleVerifier [0x00E2BD62+142338]
GetHandleVerifier [0x00E2B45E+140030]
GetHandleVerifier [0x00E2B6E6+140678]
GetHandleVerifier [0x00E2B025+138949]
GetHandleVerifier [0x00E3017C+159772]
GetHandleVerifier [0x00E2AFE1+138881]
GetHandleVerifier [0x00E2BD62+142338]
GetHandleVerifier [0x00E2B45E+140030]
GetHandleVerifier [0x00E2B6E6+140678]
GetHandleVerifier [0x00E2B025+138949]
GetHandleVerifier [0x00E276ED+124301]
GetHandleVerifier [0x00E2AFE1+138881]
GetHandleVerifier [0x00E2AE03+138403]
GetHandleVerifier [0x00E2ABF7+137879]
GetHandleVerifier [0x00E39930+198608]
GetHandleVerifier [0x00E75758+443896]
GetHandleVerifier [0x00E747FC+439964]
GetHandleVerifier [0x00E7154B+426987]
GetHandleVerifier [0x00E54FFD+310941]
GetHandleVerifier [0x00E55D8E+314414]
GetHandleVerifier [0x00E55D19+314297]
GetHandleVerifier [0x00F131EC+1089676]
GetHandleVerifier [0x00F117C9+1082985]
GetHandleVerifier [0x00F113A3+1081923]
GetHandleVerifier [0x0100D9FD+2115741]
Ordinal0 [0x00D3B82E+1488942]
Ordinal0 [0x00CD5A7D+1071741]
Ordinal0 [0x00CD559B+1070491]
Ordinal0 [0x00CD54B1+1070257]
Ordinal0 [0x00D0FF53+1310547]
BaseThreadInitThunk [0x767C6359+25]
RtlGetAppContainerNamedObjectPath [0x77058964+228]
RtlGetAppContainerNamedObjectPath [0x77058934+180]

at java.base/jdk.internal.reflect.NativeConstructorAccessorImpl.newInstance0(Native Method)
at java.base/jdk.internal.reflect.NativeConstructorAccessorImpl.newInstance(NativeConstructorAccessorImpl.java:64)
at java.base/jdk.internal.reflect.DelegatingConstructorAccessorImpl.newInstance(DelegatingConstructorAccessorImpl.java:45)
at java.base/java.lang.reflect.Constructor.newInstanceWithCaller(Constructor.java:500)
at java.base/java.lang.reflect.Constructor.newInstance(Constructor.java:481)
at org.openqa.selenium.remote.W3CHandshakeResponse.lambda$errorHandler$0(W3CHandshakeResponse.java:62)
at org.openqa.selenium.remote.HandshakeResponse.lambda$getResponseFunction$0(HandshakeResponse.java:30)
at org.openqa.selenium.remote.ProtocolHandshake.lambda$createSession$0(ProtocolHandshake.java:126)
at java.base/java.util.stream.ReferencePipeline$3$1.accept(ReferencePipeline.java:195)
at java.base/java.util.Spliterators$ArraySpliterator.tryAdvance(Spliterators.java:958)
at java.base/java.util.stream.ReferencePipeline.forEachWithCancel(ReferencePipeline.java:127)
at java.base/java.util.stream.AbstractPipeline.copyIntoWithCancel(AbstractPipeline.java:502)
at java.base/java.util.stream.AbstractPipeline.copyInto(AbstractPipeline.java:488)
at java.base/java.util.stream.AbstractPipeline.wrapAndCopyInto(AbstractPipeline.java:474)
at java.base/java.util.stream.FindOps$FindOp.evaluateSequential(FindOps.java:150)
at java.base/java.util.stream.AbstractPipeline.evaluate(AbstractPipeline.java:234)
at java.base/java.util.stream.ReferencePipeline.findFirst(ReferencePipeline.java:543)
at org.openqa.selenium.remote.ProtocolHandshake.createSession(ProtocolHandshake.java:128)
at org.openqa.selenium.remote.ProtocolHandshake.createSession(ProtocolHandshake.java:74)
at org.openqa.selenium.remote.HttpCommandExecutor.execute(HttpCommandExecutor.java:136)
at org.openqa.selenium.remote.service.DriverCommandExecutor.execute(DriverCommandExecutor.java:83)
at org.openqa.selenium.remote.RemoteWebDriver.execute(RemoteWebDriver.java:552)
at org.openqa.selenium.remote.RemoteWebDriver.startSession(RemoteWebDriver.java:213)
at org.openqa.selenium.remote.RemoteWebDriver.<init>(RemoteWebDriver.java:131)
at org.openqa.selenium.chrome.ChromeDriver.<init>(ChromeDriver.java:181)
at org.openqa.selenium.chrome.ChromeDriver.<init>(ChromeDriver.java:168)
at org.openqa.selenium.chrome.ChromeDriver.<init>(ChromeDriver.java:123)
at selenium1.RoiciansExcelsheetData.setup(RoiciansExcelsheetData.java:30)
at java.base/jdk.internal.reflect.NativeMethodAccessorImpl.invoke0(Native Method)
at java.base/jdk.internal.reflect.NativeMethodAccessorImpl.invoke(NativeMethodAccessorImpl.java:64)
at java.base/jdk.internal.reflect.DelegatingMethodAccessorImpl.invoke(DelegatingMethodAccessorImpl.java:43)
at java.base/java.lang.reflect.Method.invoke(Method.java:564)
at org.testng.internal.MethodInvocationHelper.invokeMethod(MethodInvocationHelper.java:132)
at org.testng.internal.MethodInvocationHelper.invokeMethodConsideringTimeout(MethodInvocationHelper.java:61)
at org.testng.internal.ConfigInvoker.invokeConfigurationMethod(ConfigInvoker.java:366)
at org.testng.internal.ConfigInvoker.invokeConfigurations(ConfigInvoker.java:320)
at org.testng.internal.TestInvoker.runConfigMethods(TestInvoker.java:701)
at org.testng.internal.TestInvoker.invokeMethod(TestInvoker.java:527)
at org.testng.internal.TestInvoker.invokeTestMethod(TestInvoker.java:174)
at org.testng.internal.MethodRunner.runInSequence(MethodRunner.java:46)
at org.testng.internal.TestInvoker$MethodInvocationAgent.invoke(TestInvoker.java:822)
at org.testng.internal.TestInvoker.invokeTestMethods(TestInvoker.java:147)
at org.testng.internal.TestMethodWorker.invokeTestMethods(TestMethodWorker.java:146)
at org.testng.internal.TestMethodWorker.run(TestMethodWorker.java:128)
at java.base/java.util.ArrayList.forEach(ArrayList.java:1511)
at org.testng.TestRunner.privateRun(TestRunner.java:764)
at org.testng.TestRunner.run(TestRunner.java:585)
at org.testng.SuiteRunner.runTest(SuiteRunner.java:384)
at org.testng.SuiteRunner.runSequentially(SuiteRunner.java:378)
at org.testng.SuiteRunner.privateRun(SuiteRunner.java:337)
at org.testng.SuiteRunner.run(SuiteRunner.java:286)
at org.testng.SuiteRunnerWorker.runSuite(SuiteRunnerWorker.java:53)
at org.testng.SuiteRunnerWorker.run(SuiteRunnerWorker.java:96)
at org.testng.TestNG.runSuitesSequentially(TestNG.java:1218)
at org.testng.TestNG.runSuitesLocally(TestNG.java:1140)
at org.testng.TestNG.runSuites(TestNG.java:1069)
at org.testng.TestNG.run(TestNG.java:1037)
at org.testng.remote.AbstractRemoteTestNG.run(AbstractRemoteTestNG.java:115)
at org.testng.remote.RemoteTestNG.initAndRun(RemoteTestNG.java:251)
at org.testng.remote.RemoteTestNG.main(RemoteTestNG.java:77)
]]>
            </full-stacktrace>
          </exception> <!-- org.openqa.selenium.SessionNotCreatedException -->
          <reporter-output>
          </reporter-output>
        </test-method> <!-- Testcase_1 -->
        <test-method is-config="true" signature="setup()[pri:0, instance:selenium1.RoiciansExcelsheetData@149e0f5d]" started-at="2021-05-21T10:50:50 GMT-04:00" name="setup" finished-at="1969-12-31T19:00:00 GMT-05:00" duration-ms="-1621608650997" status="SKIP">
          <reporter-output>
          </reporter-output>
        </test-method> <!-- setup -->
        <test-method signature="Testcase_1(java.lang.String, java.lang.String, java.lang.String, java.lang.String)[pri:0, instance:selenium1.RoiciansExcelsheetData@149e0f5d]" started-at="2021-05-21T10:50:50 GMT-04:00" name="Testcase_1" data-provider="getTestData" finished-at="2021-05-21T10:50:50 GMT-04:00" duration-ms="0" status="SKIP">
          <params>
            <param index="0">
              <value>
                <![CDATA[Devi Xyz]]>
              </value>
            </param>
            <param index="1">
              <value>
                <![CDATA[Devi.Xyz@gmail.com]]>
              </value>
            </param>
            <param index="2">
              <value>
                <![CDATA[Data Driven Practice]]>
              </value>
            </param>
            <param index="3">
              <value>
                <![CDATA[7.Checking if it works :) ]]>
              </value>
            </param>
          </params>
          <exception class="org.openqa.selenium.SessionNotCreatedException">
            <message>
              <![CDATA[session not created
from disconnected: received Inspector.detached event
  (Session info: chrome=90.0.4430.212)
Build info: version: '3.141.59', revision: 'e82be7d358', time: '2018-11-14T08:25:48'
System info: host: 'PREYAL', ip: '192.168.25.1', os.name: 'Windows 10', os.arch: 'amd64', os.version: '10.0', java.version: '15.0.1'
Driver info: driver.version: ChromeDriver
remote stacktrace: Backtrace:
Ordinal0 [0x00BEE7D3+124883]
Ordinal0 [0x00BEE7B1+124849]
GetHandleVerifier [0x00E38688+193832]
GetHandleVerifier [0x00E2CB71+145937]
GetHandleVerifier [0x00E2C7F9+145049]
GetHandleVerifier [0x00E2BF7D+142877]
GetHandleVerifier [0x00E2B45E+140030]
GetHandleVerifier [0x00E2B6E6+140678]
GetHandleVerifier [0x00E2B025+138949]
GetHandleVerifier [0x00E34679+177433]
GetHandleVerifier [0x00E2AFE1+138881]
GetHandleVerifier [0x00E2BD62+142338]
GetHandleVerifier [0x00E2B45E+140030]
GetHandleVerifier [0x00E2B6E6+140678]
GetHandleVerifier [0x00E2B025+138949]
GetHandleVerifier [0x00E32A0A+170154]
GetHandleVerifier [0x00E2AFE1+138881]
GetHandleVerifier [0x00E2BD62+142338]
GetHandleVerifier [0x00E2B45E+140030]
GetHandleVerifier [0x00E2B6E6+140678]
GetHandleVerifier [0x00E2B025+138949]
GetHandleVerifier [0x00E30D69+162825]
GetHandleVerifier [0x00E2AFE1+138881]
GetHandleVerifier [0x00E2BD62+142338]
GetHandleVerifier [0x00E2B45E+140030]
GetHandleVerifier [0x00E2B6E6+140678]
GetHandleVerifier [0x00E2B025+138949]
GetHandleVerifier [0x00E3017C+159772]
GetHandleVerifier [0x00E2AFE1+138881]
GetHandleVerifier [0x00E2BD62+142338]
GetHandleVerifier [0x00E2B45E+140030]
GetHandleVerifier [0x00E2B6E6+140678]
GetHandleVerifier [0x00E2B025+138949]
GetHandleVerifier [0x00E276ED+124301]
GetHandleVerifier [0x00E2AFE1+138881]
GetHandleVerifier [0x00E2AE03+138403]
GetHandleVerifier [0x00E2ABF7+137879]
GetHandleVerifier [0x00E39930+198608]
GetHandleVerifier [0x00E75758+443896]
GetHandleVerifier [0x00E747FC+439964]
GetHandleVerifier [0x00E7154B+426987]
GetHandleVerifier [0x00E54FFD+310941]
GetHandleVerifier [0x00E55D8E+314414]
GetHandleVerifier [0x00E55D19+314297]
GetHandleVerifier [0x00F131EC+1089676]
GetHandleVerifier [0x00F117C9+1082985]
GetHandleVerifier [0x00F113A3+1081923]
GetHandleVerifier [0x0100D9FD+2115741]
Ordinal0 [0x00D3B82E+1488942]
Ordinal0 [0x00CD5A7D+1071741]
Ordinal0 [0x00CD559B+1070491]
Ordinal0 [0x00CD54B1+1070257]
Ordinal0 [0x00D0FF53+1310547]
BaseThreadInitThunk [0x767C6359+25]
RtlGetAppContainerNamedObjectPath [0x77058964+228]
RtlGetAppContainerNamedObjectPath [0x77058934+180]
]]>
            </message>
            <full-stacktrace>
              <![CDATA[org.openqa.selenium.SessionNotCreatedException: session not created
from disconnected: received Inspector.detached event
  (Session info: chrome=90.0.4430.212)
Build info: version: '3.141.59', revision: 'e82be7d358', time: '2018-11-14T08:25:48'
System info: host: 'PREYAL', ip: '192.168.25.1', os.name: 'Windows 10', os.arch: 'amd64', os.version: '10.0', java.version: '15.0.1'
Driver info: driver.version: ChromeDriver
remote stacktrace: Backtrace:
Ordinal0 [0x00BEE7D3+124883]
Ordinal0 [0x00BEE7B1+124849]
GetHandleVerifier [0x00E38688+193832]
GetHandleVerifier [0x00E2CB71+145937]
GetHandleVerifier [0x00E2C7F9+145049]
GetHandleVerifier [0x00E2BF7D+142877]
GetHandleVerifier [0x00E2B45E+140030]
GetHandleVerifier [0x00E2B6E6+140678]
GetHandleVerifier [0x00E2B025+138949]
GetHandleVerifier [0x00E34679+177433]
GetHandleVerifier [0x00E2AFE1+138881]
GetHandleVerifier [0x00E2BD62+142338]
GetHandleVerifier [0x00E2B45E+140030]
GetHandleVerifier [0x00E2B6E6+140678]
GetHandleVerifier [0x00E2B025+138949]
GetHandleVerifier [0x00E32A0A+170154]
GetHandleVerifier [0x00E2AFE1+138881]
GetHandleVerifier [0x00E2BD62+142338]
GetHandleVerifier [0x00E2B45E+140030]
GetHandleVerifier [0x00E2B6E6+140678]
GetHandleVerifier [0x00E2B025+138949]
GetHandleVerifier [0x00E30D69+162825]
GetHandleVerifier [0x00E2AFE1+138881]
GetHandleVerifier [0x00E2BD62+142338]
GetHandleVerifier [0x00E2B45E+140030]
GetHandleVerifier [0x00E2B6E6+140678]
GetHandleVerifier [0x00E2B025+138949]
GetHandleVerifier [0x00E3017C+159772]
GetHandleVerifier [0x00E2AFE1+138881]
GetHandleVerifier [0x00E2BD62+142338]
GetHandleVerifier [0x00E2B45E+140030]
GetHandleVerifier [0x00E2B6E6+140678]
GetHandleVerifier [0x00E2B025+138949]
GetHandleVerifier [0x00E276ED+124301]
GetHandleVerifier [0x00E2AFE1+138881]
GetHandleVerifier [0x00E2AE03+138403]
GetHandleVerifier [0x00E2ABF7+137879]
GetHandleVerifier [0x00E39930+198608]
GetHandleVerifier [0x00E75758+443896]
GetHandleVerifier [0x00E747FC+439964]
GetHandleVerifier [0x00E7154B+426987]
GetHandleVerifier [0x00E54FFD+310941]
GetHandleVerifier [0x00E55D8E+314414]
GetHandleVerifier [0x00E55D19+314297]
GetHandleVerifier [0x00F131EC+1089676]
GetHandleVerifier [0x00F117C9+1082985]
GetHandleVerifier [0x00F113A3+1081923]
GetHandleVerifier [0x0100D9FD+2115741]
Ordinal0 [0x00D3B82E+1488942]
Ordinal0 [0x00CD5A7D+1071741]
Ordinal0 [0x00CD559B+1070491]
Ordinal0 [0x00CD54B1+1070257]
Ordinal0 [0x00D0FF53+1310547]
BaseThreadInitThunk [0x767C6359+25]
RtlGetAppContainerNamedObjectPath [0x77058964+228]
RtlGetAppContainerNamedObjectPath [0x77058934+180]

at java.base/jdk.internal.reflect.NativeConstructorAccessorImpl.newInstance0(Native Method)
at java.base/jdk.internal.reflect.NativeConstructorAccessorImpl.newInstance(NativeConstructorAccessorImpl.java:64)
at java.base/jdk.internal.reflect.DelegatingConstructorAccessorImpl.newInstance(DelegatingConstructorAccessorImpl.java:45)
at java.base/java.lang.reflect.Constructor.newInstanceWithCaller(Constructor.java:500)
at java.base/java.lang.reflect.Constructor.newInstance(Constructor.java:481)
at org.openqa.selenium.remote.W3CHandshakeResponse.lambda$errorHandler$0(W3CHandshakeResponse.java:62)
at org.openqa.selenium.remote.HandshakeResponse.lambda$getResponseFunction$0(HandshakeResponse.java:30)
at org.openqa.selenium.remote.ProtocolHandshake.lambda$createSession$0(ProtocolHandshake.java:126)
at java.base/java.util.stream.ReferencePipeline$3$1.accept(ReferencePipeline.java:195)
at java.base/java.util.Spliterators$ArraySpliterator.tryAdvance(Spliterators.java:958)
at java.base/java.util.stream.ReferencePipeline.forEachWithCancel(ReferencePipeline.java:127)
at java.base/java.util.stream.AbstractPipeline.copyIntoWithCancel(AbstractPipeline.java:502)
at java.base/java.util.stream.AbstractPipeline.copyInto(AbstractPipeline.java:488)
at java.base/java.util.stream.AbstractPipeline.wrapAndCopyInto(AbstractPipeline.java:474)
at java.base/java.util.stream.FindOps$FindOp.evaluateSequential(FindOps.java:150)
at java.base/java.util.stream.AbstractPipeline.evaluate(AbstractPipeline.java:234)
at java.base/java.util.stream.ReferencePipeline.findFirst(ReferencePipeline.java:543)
at org.openqa.selenium.remote.ProtocolHandshake.createSession(ProtocolHandshake.java:128)
at org.openqa.selenium.remote.ProtocolHandshake.createSession(ProtocolHandshake.java:74)
at org.openqa.selenium.remote.HttpCommandExecutor.execute(HttpCommandExecutor.java:136)
at org.openqa.selenium.remote.service.DriverCommandExecutor.execute(DriverCommandExecutor.java:83)
at org.openqa.selenium.remote.RemoteWebDriver.execute(RemoteWebDriver.java:552)
at org.openqa.selenium.remote.RemoteWebDriver.startSession(RemoteWebDriver.java:213)
at org.openqa.selenium.remote.RemoteWebDriver.<init>(RemoteWebDriver.java:131)
at org.openqa.selenium.chrome.ChromeDriver.<init>(ChromeDriver.java:181)
at org.openqa.selenium.chrome.ChromeDriver.<init>(ChromeDriver.java:168)
at org.openqa.selenium.chrome.ChromeDriver.<init>(ChromeDriver.java:123)
at selenium1.RoiciansExcelsheetData.setup(RoiciansExcelsheetData.java:30)
at java.base/jdk.internal.reflect.NativeMethodAccessorImpl.invoke0(Native Method)
at java.base/jdk.internal.reflect.NativeMethodAccessorImpl.invoke(NativeMethodAccessorImpl.java:64)
at java.base/jdk.internal.reflect.DelegatingMethodAccessorImpl.invoke(DelegatingMethodAccessorImpl.java:43)
at java.base/java.lang.reflect.Method.invoke(Method.java:564)
at org.testng.internal.MethodInvocationHelper.invokeMethod(MethodInvocationHelper.java:132)
at org.testng.internal.MethodInvocationHelper.invokeMethodConsideringTimeout(MethodInvocationHelper.java:61)
at org.testng.internal.ConfigInvoker.invokeConfigurationMethod(ConfigInvoker.java:366)
at org.testng.internal.ConfigInvoker.invokeConfigurations(ConfigInvoker.java:320)
at org.testng.internal.TestInvoker.runConfigMethods(TestInvoker.java:701)
at org.testng.internal.TestInvoker.invokeMethod(TestInvoker.java:527)
at org.testng.internal.TestInvoker.invokeTestMethod(TestInvoker.java:174)
at org.testng.internal.MethodRunner.runInSequence(MethodRunner.java:46)
at org.testng.internal.TestInvoker$MethodInvocationAgent.invoke(TestInvoker.java:822)
at org.testng.internal.TestInvoker.invokeTestMethods(TestInvoker.java:147)
at org.testng.internal.TestMethodWorker.invokeTestMethods(TestMethodWorker.java:146)
at org.testng.internal.TestMethodWorker.run(TestMethodWorker.java:128)
at java.base/java.util.ArrayList.forEach(ArrayList.java:1511)
at org.testng.TestRunner.privateRun(TestRunner.java:764)
at org.testng.TestRunner.run(TestRunner.java:585)
at org.testng.SuiteRunner.runTest(SuiteRunner.java:384)
at org.testng.SuiteRunner.runSequentially(SuiteRunner.java:378)
at org.testng.SuiteRunner.privateRun(SuiteRunner.java:337)
at org.testng.SuiteRunner.run(SuiteRunner.java:286)
at org.testng.SuiteRunnerWorker.runSuite(SuiteRunnerWorker.java:53)
at org.testng.SuiteRunnerWorker.run(SuiteRunnerWorker.java:96)
at org.testng.TestNG.runSuitesSequentially(TestNG.java:1218)
at org.testng.TestNG.runSuitesLocally(TestNG.java:1140)
at org.testng.TestNG.runSuites(TestNG.java:1069)
at org.testng.TestNG.run(TestNG.java:1037)
at org.testng.remote.AbstractRemoteTestNG.run(AbstractRemoteTestNG.java:115)
at org.testng.remote.RemoteTestNG.initAndRun(RemoteTestNG.java:251)
at org.testng.remote.RemoteTestNG.main(RemoteTestNG.java:77)
]]>
            </full-stacktrace>
          </exception> <!-- org.openqa.selenium.SessionNotCreatedException -->
          <reporter-output>
          </reporter-output>
        </test-method> <!-- Testcase_1 -->
        <test-method is-config="true" signature="setup()[pri:0, instance:selenium1.RoiciansExcelsheetData@149e0f5d]" started-at="2021-05-21T10:50:51 GMT-04:00" name="setup" finished-at="1969-12-31T19:00:00 GMT-05:00" duration-ms="-1621608651046" status="SKIP">
          <reporter-output>
          </reporter-output>
        </test-method> <!-- setup -->
        <test-method signature="Testcase_1(java.lang.String, java.lang.String, java.lang.String, java.lang.String)[pri:0, instance:selenium1.RoiciansExcelsheetData@149e0f5d]" started-at="2021-05-21T10:50:51 GMT-04:00" name="Testcase_1" data-provider="getTestData" finished-at="2021-05-21T10:50:51 GMT-04:00" duration-ms="0" status="SKIP">
          <params>
            <param index="0">
              <value>
                <![CDATA[Anu XXZ]]>
              </value>
            </param>
            <param index="1">
              <value>
                <![CDATA[Anu.Xyz@gmail.com]]>
              </value>
            </param>
            <param index="2">
              <value>
                <![CDATA[Data Driven Practice]]>
              </value>
            </param>
            <param index="3">
              <value>
                <![CDATA[8.Checking if it works :) ]]>
              </value>
            </param>
          </params>
          <exception class="org.openqa.selenium.SessionNotCreatedException">
            <message>
              <![CDATA[session not created
from disconnected: received Inspector.detached event
  (Session info: chrome=90.0.4430.212)
Build info: version: '3.141.59', revision: 'e82be7d358', time: '2018-11-14T08:25:48'
System info: host: 'PREYAL', ip: '192.168.25.1', os.name: 'Windows 10', os.arch: 'amd64', os.version: '10.0', java.version: '15.0.1'
Driver info: driver.version: ChromeDriver
remote stacktrace: Backtrace:
Ordinal0 [0x00BEE7D3+124883]
Ordinal0 [0x00BEE7B1+124849]
GetHandleVerifier [0x00E38688+193832]
GetHandleVerifier [0x00E2CB71+145937]
GetHandleVerifier [0x00E2C7F9+145049]
GetHandleVerifier [0x00E2BF7D+142877]
GetHandleVerifier [0x00E2B45E+140030]
GetHandleVerifier [0x00E2B6E6+140678]
GetHandleVerifier [0x00E2B025+138949]
GetHandleVerifier [0x00E34679+177433]
GetHandleVerifier [0x00E2AFE1+138881]
GetHandleVerifier [0x00E2BD62+142338]
GetHandleVerifier [0x00E2B45E+140030]
GetHandleVerifier [0x00E2B6E6+140678]
GetHandleVerifier [0x00E2B025+138949]
GetHandleVerifier [0x00E32A0A+170154]
GetHandleVerifier [0x00E2AFE1+138881]
GetHandleVerifier [0x00E2BD62+142338]
GetHandleVerifier [0x00E2B45E+140030]
GetHandleVerifier [0x00E2B6E6+140678]
GetHandleVerifier [0x00E2B025+138949]
GetHandleVerifier [0x00E30D69+162825]
GetHandleVerifier [0x00E2AFE1+138881]
GetHandleVerifier [0x00E2BD62+142338]
GetHandleVerifier [0x00E2B45E+140030]
GetHandleVerifier [0x00E2B6E6+140678]
GetHandleVerifier [0x00E2B025+138949]
GetHandleVerifier [0x00E3017C+159772]
GetHandleVerifier [0x00E2AFE1+138881]
GetHandleVerifier [0x00E2BD62+142338]
GetHandleVerifier [0x00E2B45E+140030]
GetHandleVerifier [0x00E2B6E6+140678]
GetHandleVerifier [0x00E2B025+138949]
GetHandleVerifier [0x00E276ED+124301]
GetHandleVerifier [0x00E2AFE1+138881]
GetHandleVerifier [0x00E2AE03+138403]
GetHandleVerifier [0x00E2ABF7+137879]
GetHandleVerifier [0x00E39930+198608]
GetHandleVerifier [0x00E75758+443896]
GetHandleVerifier [0x00E747FC+439964]
GetHandleVerifier [0x00E7154B+426987]
GetHandleVerifier [0x00E54FFD+310941]
GetHandleVerifier [0x00E55D8E+314414]
GetHandleVerifier [0x00E55D19+314297]
GetHandleVerifier [0x00F131EC+1089676]
GetHandleVerifier [0x00F117C9+1082985]
GetHandleVerifier [0x00F113A3+1081923]
GetHandleVerifier [0x0100D9FD+2115741]
Ordinal0 [0x00D3B82E+1488942]
Ordinal0 [0x00CD5A7D+1071741]
Ordinal0 [0x00CD559B+1070491]
Ordinal0 [0x00CD54B1+1070257]
Ordinal0 [0x00D0FF53+1310547]
BaseThreadInitThunk [0x767C6359+25]
RtlGetAppContainerNamedObjectPath [0x77058964+228]
RtlGetAppContainerNamedObjectPath [0x77058934+180]
]]>
            </message>
            <full-stacktrace>
              <![CDATA[org.openqa.selenium.SessionNotCreatedException: session not created
from disconnected: received Inspector.detached event
  (Session info: chrome=90.0.4430.212)
Build info: version: '3.141.59', revision: 'e82be7d358', time: '2018-11-14T08:25:48'
System info: host: 'PREYAL', ip: '192.168.25.1', os.name: 'Windows 10', os.arch: 'amd64', os.version: '10.0', java.version: '15.0.1'
Driver info: driver.version: ChromeDriver
remote stacktrace: Backtrace:
Ordinal0 [0x00BEE7D3+124883]
Ordinal0 [0x00BEE7B1+124849]
GetHandleVerifier [0x00E38688+193832]
GetHandleVerifier [0x00E2CB71+145937]
GetHandleVerifier [0x00E2C7F9+145049]
GetHandleVerifier [0x00E2BF7D+142877]
GetHandleVerifier [0x00E2B45E+140030]
GetHandleVerifier [0x00E2B6E6+140678]
GetHandleVerifier [0x00E2B025+138949]
GetHandleVerifier [0x00E34679+177433]
GetHandleVerifier [0x00E2AFE1+138881]
GetHandleVerifier [0x00E2BD62+142338]
GetHandleVerifier [0x00E2B45E+140030]
GetHandleVerifier [0x00E2B6E6+140678]
GetHandleVerifier [0x00E2B025+138949]
GetHandleVerifier [0x00E32A0A+170154]
GetHandleVerifier [0x00E2AFE1+138881]
GetHandleVerifier [0x00E2BD62+142338]
GetHandleVerifier [0x00E2B45E+140030]
GetHandleVerifier [0x00E2B6E6+140678]
GetHandleVerifier [0x00E2B025+138949]
GetHandleVerifier [0x00E30D69+162825]
GetHandleVerifier [0x00E2AFE1+138881]
GetHandleVerifier [0x00E2BD62+142338]
GetHandleVerifier [0x00E2B45E+140030]
GetHandleVerifier [0x00E2B6E6+140678]
GetHandleVerifier [0x00E2B025+138949]
GetHandleVerifier [0x00E3017C+159772]
GetHandleVerifier [0x00E2AFE1+138881]
GetHandleVerifier [0x00E2BD62+142338]
GetHandleVerifier [0x00E2B45E+140030]
GetHandleVerifier [0x00E2B6E6+140678]
GetHandleVerifier [0x00E2B025+138949]
GetHandleVerifier [0x00E276ED+124301]
GetHandleVerifier [0x00E2AFE1+138881]
GetHandleVerifier [0x00E2AE03+138403]
GetHandleVerifier [0x00E2ABF7+137879]
GetHandleVerifier [0x00E39930+198608]
GetHandleVerifier [0x00E75758+443896]
GetHandleVerifier [0x00E747FC+439964]
GetHandleVerifier [0x00E7154B+426987]
GetHandleVerifier [0x00E54FFD+310941]
GetHandleVerifier [0x00E55D8E+314414]
GetHandleVerifier [0x00E55D19+314297]
GetHandleVerifier [0x00F131EC+1089676]
GetHandleVerifier [0x00F117C9+1082985]
GetHandleVerifier [0x00F113A3+1081923]
GetHandleVerifier [0x0100D9FD+2115741]
Ordinal0 [0x00D3B82E+1488942]
Ordinal0 [0x00CD5A7D+1071741]
Ordinal0 [0x00CD559B+1070491]
Ordinal0 [0x00CD54B1+1070257]
Ordinal0 [0x00D0FF53+1310547]
BaseThreadInitThunk [0x767C6359+25]
RtlGetAppContainerNamedObjectPath [0x77058964+228]
RtlGetAppContainerNamedObjectPath [0x77058934+180]

at java.base/jdk.internal.reflect.NativeConstructorAccessorImpl.newInstance0(Native Method)
at java.base/jdk.internal.reflect.NativeConstructorAccessorImpl.newInstance(NativeConstructorAccessorImpl.java:64)
at java.base/jdk.internal.reflect.DelegatingConstructorAccessorImpl.newInstance(DelegatingConstructorAccessorImpl.java:45)
at java.base/java.lang.reflect.Constructor.newInstanceWithCaller(Constructor.java:500)
at java.base/java.lang.reflect.Constructor.newInstance(Constructor.java:481)
at org.openqa.selenium.remote.W3CHandshakeResponse.lambda$errorHandler$0(W3CHandshakeResponse.java:62)
at org.openqa.selenium.remote.HandshakeResponse.lambda$getResponseFunction$0(HandshakeResponse.java:30)
at org.openqa.selenium.remote.ProtocolHandshake.lambda$createSession$0(ProtocolHandshake.java:126)
at java.base/java.util.stream.ReferencePipeline$3$1.accept(ReferencePipeline.java:195)
at java.base/java.util.Spliterators$ArraySpliterator.tryAdvance(Spliterators.java:958)
at java.base/java.util.stream.ReferencePipeline.forEachWithCancel(ReferencePipeline.java:127)
at java.base/java.util.stream.AbstractPipeline.copyIntoWithCancel(AbstractPipeline.java:502)
at java.base/java.util.stream.AbstractPipeline.copyInto(AbstractPipeline.java:488)
at java.base/java.util.stream.AbstractPipeline.wrapAndCopyInto(AbstractPipeline.java:474)
at java.base/java.util.stream.FindOps$FindOp.evaluateSequential(FindOps.java:150)
at java.base/java.util.stream.AbstractPipeline.evaluate(AbstractPipeline.java:234)
at java.base/java.util.stream.ReferencePipeline.findFirst(ReferencePipeline.java:543)
at org.openqa.selenium.remote.ProtocolHandshake.createSession(ProtocolHandshake.java:128)
at org.openqa.selenium.remote.ProtocolHandshake.createSession(ProtocolHandshake.java:74)
at org.openqa.selenium.remote.HttpCommandExecutor.execute(HttpCommandExecutor.java:136)
at org.openqa.selenium.remote.service.DriverCommandExecutor.execute(DriverCommandExecutor.java:83)
at org.openqa.selenium.remote.RemoteWebDriver.execute(RemoteWebDriver.java:552)
at org.openqa.selenium.remote.RemoteWebDriver.startSession(RemoteWebDriver.java:213)
at org.openqa.selenium.remote.RemoteWebDriver.<init>(RemoteWebDriver.java:131)
at org.openqa.selenium.chrome.ChromeDriver.<init>(ChromeDriver.java:181)
at org.openqa.selenium.chrome.ChromeDriver.<init>(ChromeDriver.java:168)
at org.openqa.selenium.chrome.ChromeDriver.<init>(ChromeDriver.java:123)
at selenium1.RoiciansExcelsheetData.setup(RoiciansExcelsheetData.java:30)
at java.base/jdk.internal.reflect.NativeMethodAccessorImpl.invoke0(Native Method)
at java.base/jdk.internal.reflect.NativeMethodAccessorImpl.invoke(NativeMethodAccessorImpl.java:64)
at java.base/jdk.internal.reflect.DelegatingMethodAccessorImpl.invoke(DelegatingMethodAccessorImpl.java:43)
at java.base/java.lang.reflect.Method.invoke(Method.java:564)
at org.testng.internal.MethodInvocationHelper.invokeMethod(MethodInvocationHelper.java:132)
at org.testng.internal.MethodInvocationHelper.invokeMethodConsideringTimeout(MethodInvocationHelper.java:61)
at org.testng.internal.ConfigInvoker.invokeConfigurationMethod(ConfigInvoker.java:366)
at org.testng.internal.ConfigInvoker.invokeConfigurations(ConfigInvoker.java:320)
at org.testng.internal.TestInvoker.runConfigMethods(TestInvoker.java:701)
at org.testng.internal.TestInvoker.invokeMethod(TestInvoker.java:527)
at org.testng.internal.TestInvoker.invokeTestMethod(TestInvoker.java:174)
at org.testng.internal.MethodRunner.runInSequence(MethodRunner.java:46)
at org.testng.internal.TestInvoker$MethodInvocationAgent.invoke(TestInvoker.java:822)
at org.testng.internal.TestInvoker.invokeTestMethods(TestInvoker.java:147)
at org.testng.internal.TestMethodWorker.invokeTestMethods(TestMethodWorker.java:146)
at org.testng.internal.TestMethodWorker.run(TestMethodWorker.java:128)
at java.base/java.util.ArrayList.forEach(ArrayList.java:1511)
at org.testng.TestRunner.privateRun(TestRunner.java:764)
at org.testng.TestRunner.run(TestRunner.java:585)
at org.testng.SuiteRunner.runTest(SuiteRunner.java:384)
at org.testng.SuiteRunner.runSequentially(SuiteRunner.java:378)
at org.testng.SuiteRunner.privateRun(SuiteRunner.java:337)
at org.testng.SuiteRunner.run(SuiteRunner.java:286)
at org.testng.SuiteRunnerWorker.runSuite(SuiteRunnerWorker.java:53)
at org.testng.SuiteRunnerWorker.run(SuiteRunnerWorker.java:96)
at org.testng.TestNG.runSuitesSequentially(TestNG.java:1218)
at org.testng.TestNG.runSuitesLocally(TestNG.java:1140)
at org.testng.TestNG.runSuites(TestNG.java:1069)
at org.testng.TestNG.run(TestNG.java:1037)
at org.testng.remote.AbstractRemoteTestNG.run(AbstractRemoteTestNG.java:115)
at org.testng.remote.RemoteTestNG.initAndRun(RemoteTestNG.java:251)
at org.testng.remote.RemoteTestNG.main(RemoteTestNG.java:77)
]]>
            </full-stacktrace>
          </exception> <!-- org.openqa.selenium.SessionNotCreatedException -->
          <reporter-output>
          </reporter-output>
        </test-method> <!-- Testcase_1 -->
        <test-method is-config="true" signature="setup()[pri:0, instance:selenium1.RoiciansExcelsheetData@149e0f5d]" started-at="2021-05-21T10:50:51 GMT-04:00" name="setup" finished-at="1969-12-31T19:00:00 GMT-05:00" duration-ms="-1621608651056" status="SKIP">
          <reporter-output>
          </reporter-output>
        </test-method> <!-- setup -->
        <test-method signature="Testcase_1(java.lang.String, java.lang.String, java.lang.String, java.lang.String)[pri:0, instance:selenium1.RoiciansExcelsheetData@149e0f5d]" started-at="2021-05-21T10:50:51 GMT-04:00" name="Testcase_1" data-provider="getTestData" finished-at="2021-05-21T10:50:51 GMT-04:00" duration-ms="0" status="SKIP">
          <params>
            <param index="0">
              <value>
                <![CDATA[Cheena XXZ]]>
              </value>
            </param>
            <param index="1">
              <value>
                <![CDATA[Cheena.Xyz@gmail.com]]>
              </value>
            </param>
            <param index="2">
              <value>
                <![CDATA[Data Driven Practice]]>
              </value>
            </param>
            <param index="3">
              <value>
                <![CDATA[9.Checking if it works :) ]]>
              </value>
            </param>
          </params>
          <exception class="org.openqa.selenium.SessionNotCreatedException">
            <message>
              <![CDATA[session not created
from disconnected: received Inspector.detached event
  (Session info: chrome=90.0.4430.212)
Build info: version: '3.141.59', revision: 'e82be7d358', time: '2018-11-14T08:25:48'
System info: host: 'PREYAL', ip: '192.168.25.1', os.name: 'Windows 10', os.arch: 'amd64', os.version: '10.0', java.version: '15.0.1'
Driver info: driver.version: ChromeDriver
remote stacktrace: Backtrace:
Ordinal0 [0x00BEE7D3+124883]
Ordinal0 [0x00BEE7B1+124849]
GetHandleVerifier [0x00E38688+193832]
GetHandleVerifier [0x00E2CB71+145937]
GetHandleVerifier [0x00E2C7F9+145049]
GetHandleVerifier [0x00E2BF7D+142877]
GetHandleVerifier [0x00E2B45E+140030]
GetHandleVerifier [0x00E2B6E6+140678]
GetHandleVerifier [0x00E2B025+138949]
GetHandleVerifier [0x00E34679+177433]
GetHandleVerifier [0x00E2AFE1+138881]
GetHandleVerifier [0x00E2BD62+142338]
GetHandleVerifier [0x00E2B45E+140030]
GetHandleVerifier [0x00E2B6E6+140678]
GetHandleVerifier [0x00E2B025+138949]
GetHandleVerifier [0x00E32A0A+170154]
GetHandleVerifier [0x00E2AFE1+138881]
GetHandleVerifier [0x00E2BD62+142338]
GetHandleVerifier [0x00E2B45E+140030]
GetHandleVerifier [0x00E2B6E6+140678]
GetHandleVerifier [0x00E2B025+138949]
GetHandleVerifier [0x00E30D69+162825]
GetHandleVerifier [0x00E2AFE1+138881]
GetHandleVerifier [0x00E2BD62+142338]
GetHandleVerifier [0x00E2B45E+140030]
GetHandleVerifier [0x00E2B6E6+140678]
GetHandleVerifier [0x00E2B025+138949]
GetHandleVerifier [0x00E3017C+159772]
GetHandleVerifier [0x00E2AFE1+138881]
GetHandleVerifier [0x00E2BD62+142338]
GetHandleVerifier [0x00E2B45E+140030]
GetHandleVerifier [0x00E2B6E6+140678]
GetHandleVerifier [0x00E2B025+138949]
GetHandleVerifier [0x00E276ED+124301]
GetHandleVerifier [0x00E2AFE1+138881]
GetHandleVerifier [0x00E2AE03+138403]
GetHandleVerifier [0x00E2ABF7+137879]
GetHandleVerifier [0x00E39930+198608]
GetHandleVerifier [0x00E75758+443896]
GetHandleVerifier [0x00E747FC+439964]
GetHandleVerifier [0x00E7154B+426987]
GetHandleVerifier [0x00E54FFD+310941]
GetHandleVerifier [0x00E55D8E+314414]
GetHandleVerifier [0x00E55D19+314297]
GetHandleVerifier [0x00F131EC+1089676]
GetHandleVerifier [0x00F117C9+1082985]
GetHandleVerifier [0x00F113A3+1081923]
GetHandleVerifier [0x0100D9FD+2115741]
Ordinal0 [0x00D3B82E+1488942]
Ordinal0 [0x00CD5A7D+1071741]
Ordinal0 [0x00CD559B+1070491]
Ordinal0 [0x00CD54B1+1070257]
Ordinal0 [0x00D0FF53+1310547]
BaseThreadInitThunk [0x767C6359+25]
RtlGetAppContainerNamedObjectPath [0x77058964+228]
RtlGetAppContainerNamedObjectPath [0x77058934+180]
]]>
            </message>
            <full-stacktrace>
              <![CDATA[org.openqa.selenium.SessionNotCreatedException: session not created
from disconnected: received Inspector.detached event
  (Session info: chrome=90.0.4430.212)
Build info: version: '3.141.59', revision: 'e82be7d358', time: '2018-11-14T08:25:48'
System info: host: 'PREYAL', ip: '192.168.25.1', os.name: 'Windows 10', os.arch: 'amd64', os.version: '10.0', java.version: '15.0.1'
Driver info: driver.version: ChromeDriver
remote stacktrace: Backtrace:
Ordinal0 [0x00BEE7D3+124883]
Ordinal0 [0x00BEE7B1+124849]
GetHandleVerifier [0x00E38688+193832]
GetHandleVerifier [0x00E2CB71+145937]
GetHandleVerifier [0x00E2C7F9+145049]
GetHandleVerifier [0x00E2BF7D+142877]
GetHandleVerifier [0x00E2B45E+140030]
GetHandleVerifier [0x00E2B6E6+140678]
GetHandleVerifier [0x00E2B025+138949]
GetHandleVerifier [0x00E34679+177433]
GetHandleVerifier [0x00E2AFE1+138881]
GetHandleVerifier [0x00E2BD62+142338]
GetHandleVerifier [0x00E2B45E+140030]
GetHandleVerifier [0x00E2B6E6+140678]
GetHandleVerifier [0x00E2B025+138949]
GetHandleVerifier [0x00E32A0A+170154]
GetHandleVerifier [0x00E2AFE1+138881]
GetHandleVerifier [0x00E2BD62+142338]
GetHandleVerifier [0x00E2B45E+140030]
GetHandleVerifier [0x00E2B6E6+140678]
GetHandleVerifier [0x00E2B025+138949]
GetHandleVerifier [0x00E30D69+162825]
GetHandleVerifier [0x00E2AFE1+138881]
GetHandleVerifier [0x00E2BD62+142338]
GetHandleVerifier [0x00E2B45E+140030]
GetHandleVerifier [0x00E2B6E6+140678]
GetHandleVerifier [0x00E2B025+138949]
GetHandleVerifier [0x00E3017C+159772]
GetHandleVerifier [0x00E2AFE1+138881]
GetHandleVerifier [0x00E2BD62+142338]
GetHandleVerifier [0x00E2B45E+140030]
GetHandleVerifier [0x00E2B6E6+140678]
GetHandleVerifier [0x00E2B025+138949]
GetHandleVerifier [0x00E276ED+124301]
GetHandleVerifier [0x00E2AFE1+138881]
GetHandleVerifier [0x00E2AE03+138403]
GetHandleVerifier [0x00E2ABF7+137879]
GetHandleVerifier [0x00E39930+198608]
GetHandleVerifier [0x00E75758+443896]
GetHandleVerifier [0x00E747FC+439964]
GetHandleVerifier [0x00E7154B+426987]
GetHandleVerifier [0x00E54FFD+310941]
GetHandleVerifier [0x00E55D8E+314414]
GetHandleVerifier [0x00E55D19+314297]
GetHandleVerifier [0x00F131EC+1089676]
GetHandleVerifier [0x00F117C9+1082985]
GetHandleVerifier [0x00F113A3+1081923]
GetHandleVerifier [0x0100D9FD+2115741]
Ordinal0 [0x00D3B82E+1488942]
Ordinal0 [0x00CD5A7D+1071741]
Ordinal0 [0x00CD559B+1070491]
Ordinal0 [0x00CD54B1+1070257]
Ordinal0 [0x00D0FF53+1310547]
BaseThreadInitThunk [0x767C6359+25]
RtlGetAppContainerNamedObjectPath [0x77058964+228]
RtlGetAppContainerNamedObjectPath [0x77058934+180]

at java.base/jdk.internal.reflect.NativeConstructorAccessorImpl.newInstance0(Native Method)
at java.base/jdk.internal.reflect.NativeConstructorAccessorImpl.newInstance(NativeConstructorAccessorImpl.java:64)
at java.base/jdk.internal.reflect.DelegatingConstructorAccessorImpl.newInstance(DelegatingConstructorAccessorImpl.java:45)
at java.base/java.lang.reflect.Constructor.newInstanceWithCaller(Constructor.java:500)
at java.base/java.lang.reflect.Constructor.newInstance(Constructor.java:481)
at org.openqa.selenium.remote.W3CHandshakeResponse.lambda$errorHandler$0(W3CHandshakeResponse.java:62)
at org.openqa.selenium.remote.HandshakeResponse.lambda$getResponseFunction$0(HandshakeResponse.java:30)
at org.openqa.selenium.remote.ProtocolHandshake.lambda$createSession$0(ProtocolHandshake.java:126)
at java.base/java.util.stream.ReferencePipeline$3$1.accept(ReferencePipeline.java:195)
at java.base/java.util.Spliterators$ArraySpliterator.tryAdvance(Spliterators.java:958)
at java.base/java.util.stream.ReferencePipeline.forEachWithCancel(ReferencePipeline.java:127)
at java.base/java.util.stream.AbstractPipeline.copyIntoWithCancel(AbstractPipeline.java:502)
at java.base/java.util.stream.AbstractPipeline.copyInto(AbstractPipeline.java:488)
at java.base/java.util.stream.AbstractPipeline.wrapAndCopyInto(AbstractPipeline.java:474)
at java.base/java.util.stream.FindOps$FindOp.evaluateSequential(FindOps.java:150)
at java.base/java.util.stream.AbstractPipeline.evaluate(AbstractPipeline.java:234)
at java.base/java.util.stream.ReferencePipeline.findFirst(ReferencePipeline.java:543)
at org.openqa.selenium.remote.ProtocolHandshake.createSession(ProtocolHandshake.java:128)
at org.openqa.selenium.remote.ProtocolHandshake.createSession(ProtocolHandshake.java:74)
at org.openqa.selenium.remote.HttpCommandExecutor.execute(HttpCommandExecutor.java:136)
at org.openqa.selenium.remote.service.DriverCommandExecutor.execute(DriverCommandExecutor.java:83)
at org.openqa.selenium.remote.RemoteWebDriver.execute(RemoteWebDriver.java:552)
at org.openqa.selenium.remote.RemoteWebDriver.startSession(RemoteWebDriver.java:213)
at org.openqa.selenium.remote.RemoteWebDriver.<init>(RemoteWebDriver.java:131)
at org.openqa.selenium.chrome.ChromeDriver.<init>(ChromeDriver.java:181)
at org.openqa.selenium.chrome.ChromeDriver.<init>(ChromeDriver.java:168)
at org.openqa.selenium.chrome.ChromeDriver.<init>(ChromeDriver.java:123)
at selenium1.RoiciansExcelsheetData.setup(RoiciansExcelsheetData.java:30)
at java.base/jdk.internal.reflect.NativeMethodAccessorImpl.invoke0(Native Method)
at java.base/jdk.internal.reflect.NativeMethodAccessorImpl.invoke(NativeMethodAccessorImpl.java:64)
at java.base/jdk.internal.reflect.DelegatingMethodAccessorImpl.invoke(DelegatingMethodAccessorImpl.java:43)
at java.base/java.lang.reflect.Method.invoke(Method.java:564)
at org.testng.internal.MethodInvocationHelper.invokeMethod(MethodInvocationHelper.java:132)
at org.testng.internal.MethodInvocationHelper.invokeMethodConsideringTimeout(MethodInvocationHelper.java:61)
at org.testng.internal.ConfigInvoker.invokeConfigurationMethod(ConfigInvoker.java:366)
at org.testng.internal.ConfigInvoker.invokeConfigurations(ConfigInvoker.java:320)
at org.testng.internal.TestInvoker.runConfigMethods(TestInvoker.java:701)
at org.testng.internal.TestInvoker.invokeMethod(TestInvoker.java:527)
at org.testng.internal.TestInvoker.invokeTestMethod(TestInvoker.java:174)
at org.testng.internal.MethodRunner.runInSequence(MethodRunner.java:46)
at org.testng.internal.TestInvoker$MethodInvocationAgent.invoke(TestInvoker.java:822)
at org.testng.internal.TestInvoker.invokeTestMethods(TestInvoker.java:147)
at org.testng.internal.TestMethodWorker.invokeTestMethods(TestMethodWorker.java:146)
at org.testng.internal.TestMethodWorker.run(TestMethodWorker.java:128)
at java.base/java.util.ArrayList.forEach(ArrayList.java:1511)
at org.testng.TestRunner.privateRun(TestRunner.java:764)
at org.testng.TestRunner.run(TestRunner.java:585)
at org.testng.SuiteRunner.runTest(SuiteRunner.java:384)
at org.testng.SuiteRunner.runSequentially(SuiteRunner.java:378)
at org.testng.SuiteRunner.privateRun(SuiteRunner.java:337)
at org.testng.SuiteRunner.run(SuiteRunner.java:286)
at org.testng.SuiteRunnerWorker.runSuite(SuiteRunnerWorker.java:53)
at org.testng.SuiteRunnerWorker.run(SuiteRunnerWorker.java:96)
at org.testng.TestNG.runSuitesSequentially(TestNG.java:1218)
at org.testng.TestNG.runSuitesLocally(TestNG.java:1140)
at org.testng.TestNG.runSuites(TestNG.java:1069)
at org.testng.TestNG.run(TestNG.java:1037)
at org.testng.remote.AbstractRemoteTestNG.run(AbstractRemoteTestNG.java:115)
at org.testng.remote.RemoteTestNG.initAndRun(RemoteTestNG.java:251)
at org.testng.remote.RemoteTestNG.main(RemoteTestNG.java:77)
]]>
            </full-stacktrace>
          </exception> <!-- org.openqa.selenium.SessionNotCreatedException -->
          <reporter-output>
          </reporter-output>
        </test-method> <!-- Testcase_1 -->
      </class> <!-- selenium1.RoiciansExcelsheetData -->
    </test> <!-- Default test -->
  </suite> <!-- Default suite -->
</testng-results>
