<?xml version="1.0" encoding="UTF-8"?>
<!-- Generated by org.testng.reporters.JUnitReportReporter -->
<testsuite hostname="Preyal" failures="0" tests="1" name="selenium1.Asserttruefalse" time="18.036" errors="1" timestamp="2020-12-21T17:22:49 EST" skipped="0">
  <testcase classname="selenium1.Asserttruefalse" name="verifyTitle" time="18.036">
    <error message="no such element: Unable to locate element: {&quot;method&quot;:&quot;css selector&quot;,&quot;selector&quot;:&quot;html.wf-roboto-n3-active.wf-roboto-n4-active.wf-active body.page-template.page-template-page-templates.page-template-page_front-page.page-template-page-templatespage_front-page-php.page.page-id-76.siteorigin-panels.fully-background.sydney.siteScrolled div#page.hfeed.site div#content.page-wrap div.container.content-wrapper div.row div#primary.fp-content-area main#main.site-main div.entry-content div#pl-76.panel-layout div#pg-76-2.panel-grid.panel-has-style div.siteorigin-panels-stretch.panel-row-style.panel-row-style-for-76-2 div#pgc-76-2-0.panel-grid-cell div#panel-76-2-0-0.so-panel.widget.widget_black-studio-tinymce.widget_black_studio_tinymce.panel-first-child.panel-last-child div.panel-widget-style.panel-widget-style-for-76-2-0-0 div.textwidget div#wpcf7-f9-p76-o2.wpcf7 form.wpcf7-form.invalid p span.wpcf7-form-control-wrap.your-email span.wpcf7-not-valid-tip&quot;}
  (Session info: chrome=87.0.4280.88)
For documentation on this error, please visit: https://www.seleniumhq.org/exceptions/no_such_element.html
Build info: version: &#039;3.141.59&#039;, revision: &#039;e82be7d358&#039;, time: &#039;2018-11-14T08:25:48&#039;
System info: host: &#039;PREYAL&#039;, ip: &#039;192.168.25.1&#039;, os.name: &#039;Windows 10&#039;, os.arch: &#039;amd64&#039;, os.version: &#039;10.0&#039;, java.version: &#039;15.0.1&#039;
Driver info: org.openqa.selenium.chrome.ChromeDriver
Capabilities {acceptInsecureCerts: false, browserName: chrome, browserVersion: 87.0.4280.88, chrome: {chromedriverVersion: 87.0.4280.88 (89e2380a3e36c..., userDataDir: C:\Users\MAYANK~1\AppData\L...}, goog:chromeOptions: {debuggerAddress: localhost:62375}, javascriptEnabled: true, networkConnectionEnabled: false, pageLoadStrategy: normal, platform: WINDOWS, platformName: WINDOWS, proxy: Proxy(), setWindowRect: true, strictFileInteractability: false, timeouts: {implicit: 0, pageLoad: 300000, script: 30000}, unhandledPromptBehavior: dismiss and notify, webauthn:virtualAuthenticators: true}
Session ID: 1a271a6299fc12fa775085eb40551f0b
*** Element info: {Using=css selector, value=html.wf-roboto-n3-active.wf-roboto-n4-active.wf-active body.page-template.page-template-page-templates.page-template-page_front-page.page-template-page-templatespage_front-page-php.page.page-id-76.siteorigin-panels.fully-background.sydney.siteScrolled div#page.hfeed.site div#content.page-wrap div.container.content-wrapper div.row div#primary.fp-content-area main#main.site-main div.entry-content div#pl-76.panel-layout div#pg-76-2.panel-grid.panel-has-style div.siteorigin-panels-stretch.panel-row-style.panel-row-style-for-76-2 div#pgc-76-2-0.panel-grid-cell div#panel-76-2-0-0.so-panel.widget.widget_black-studio-tinymce.widget_black_studio_tinymce.panel-first-child.panel-last-child div.panel-widget-style.panel-widget-style-for-76-2-0-0 div.textwidget div#wpcf7-f9-p76-o2.wpcf7 form.wpcf7-form.invalid p span.wpcf7-form-control-wrap.your-email span.wpcf7-not-valid-tip}" type="org.openqa.selenium.NoSuchElementException">
      <![CDATA[org.openqa.selenium.NoSuchElementException: no such element: Unable to locate element: {"method":"css selector","selector":"html.wf-roboto-n3-active.wf-roboto-n4-active.wf-active body.page-template.page-template-page-templates.page-template-page_front-page.page-template-page-templatespage_front-page-php.page.page-id-76.siteorigin-panels.fully-background.sydney.siteScrolled div#page.hfeed.site div#content.page-wrap div.container.content-wrapper div.row div#primary.fp-content-area main#main.site-main div.entry-content div#pl-76.panel-layout div#pg-76-2.panel-grid.panel-has-style div.siteorigin-panels-stretch.panel-row-style.panel-row-style-for-76-2 div#pgc-76-2-0.panel-grid-cell div#panel-76-2-0-0.so-panel.widget.widget_black-studio-tinymce.widget_black_studio_tinymce.panel-first-child.panel-last-child div.panel-widget-style.panel-widget-style-for-76-2-0-0 div.textwidget div#wpcf7-f9-p76-o2.wpcf7 form.wpcf7-form.invalid p span.wpcf7-form-control-wrap.your-email span.wpcf7-not-valid-tip"}
  (Session info: chrome=87.0.4280.88)
For documentation on this error, please visit: https://www.seleniumhq.org/exceptions/no_such_element.html
Build info: version: '3.141.59', revision: 'e82be7d358', time: '2018-11-14T08:25:48'
System info: host: 'PREYAL', ip: '192.168.25.1', os.name: 'Windows 10', os.arch: 'amd64', os.version: '10.0', java.version: '15.0.1'
Driver info: org.openqa.selenium.chrome.ChromeDriver
Capabilities {acceptInsecureCerts: false, browserName: chrome, browserVersion: 87.0.4280.88, chrome: {chromedriverVersion: 87.0.4280.88 (89e2380a3e36c..., userDataDir: C:\Users\MAYANK~1\AppData\L...}, goog:chromeOptions: {debuggerAddress: localhost:62375}, javascriptEnabled: true, networkConnectionEnabled: false, pageLoadStrategy: normal, platform: WINDOWS, platformName: WINDOWS, proxy: Proxy(), setWindowRect: true, strictFileInteractability: false, timeouts: {implicit: 0, pageLoad: 300000, script: 30000}, unhandledPromptBehavior: dismiss and notify, webauthn:virtualAuthenticators: true}
Session ID: 1a271a6299fc12fa775085eb40551f0b
*** Element info: {Using=css selector, value=html.wf-roboto-n3-active.wf-roboto-n4-active.wf-active body.page-template.page-template-page-templates.page-template-page_front-page.page-template-page-templatespage_front-page-php.page.page-id-76.siteorigin-panels.fully-background.sydney.siteScrolled div#page.hfeed.site div#content.page-wrap div.container.content-wrapper div.row div#primary.fp-content-area main#main.site-main div.entry-content div#pl-76.panel-layout div#pg-76-2.panel-grid.panel-has-style div.siteorigin-panels-stretch.panel-row-style.panel-row-style-for-76-2 div#pgc-76-2-0.panel-grid-cell div#panel-76-2-0-0.so-panel.widget.widget_black-studio-tinymce.widget_black_studio_tinymce.panel-first-child.panel-last-child div.panel-widget-style.panel-widget-style-for-76-2-0-0 div.textwidget div#wpcf7-f9-p76-o2.wpcf7 form.wpcf7-form.invalid p span.wpcf7-form-control-wrap.your-email span.wpcf7-not-valid-tip}
at java.base/jdk.internal.reflect.NativeConstructorAccessorImpl.newInstance0(Native Method)
at java.base/jdk.internal.reflect.NativeConstructorAccessorImpl.newInstance(NativeConstructorAccessorImpl.java:64)
at java.base/jdk.internal.reflect.DelegatingConstructorAccessorImpl.newInstance(DelegatingConstructorAccessorImpl.java:45)
at java.base/java.lang.reflect.Constructor.newInstanceWithCaller(Constructor.java:500)
at java.base/java.lang.reflect.Constructor.newInstance(Constructor.java:481)
at org.openqa.selenium.remote.http.W3CHttpResponseCodec.createException(W3CHttpResponseCodec.java:187)
at org.openqa.selenium.remote.http.W3CHttpResponseCodec.decode(W3CHttpResponseCodec.java:122)
at org.openqa.selenium.remote.http.W3CHttpResponseCodec.decode(W3CHttpResponseCodec.java:49)
at org.openqa.selenium.remote.HttpCommandExecutor.execute(HttpCommandExecutor.java:158)
at org.openqa.selenium.remote.service.DriverCommandExecutor.execute(DriverCommandExecutor.java:83)
at org.openqa.selenium.remote.RemoteWebDriver.execute(RemoteWebDriver.java:552)
at org.openqa.selenium.remote.RemoteWebDriver.findElement(RemoteWebDriver.java:323)
at org.openqa.selenium.remote.RemoteWebDriver.findElementByCssSelector(RemoteWebDriver.java:420)
at org.openqa.selenium.By$ByCssSelector.findElement(By.java:431)
at org.openqa.selenium.remote.RemoteWebDriver.findElement(RemoteWebDriver.java:315)
at selenium1.Asserttruefalse.verifyTitle(Asserttruefalse.java:26)
at java.base/jdk.internal.reflect.NativeMethodAccessorImpl.invoke0(Native Method)
at java.base/jdk.internal.reflect.NativeMethodAccessorImpl.invoke(NativeMethodAccessorImpl.java:64)
at java.base/jdk.internal.reflect.DelegatingMethodAccessorImpl.invoke(DelegatingMethodAccessorImpl.java:43)
at java.base/java.lang.reflect.Method.invoke(Method.java:564)
at org.testng.internal.MethodInvocationHelper.invokeMethod(MethodInvocationHelper.java:132)
at org.testng.internal.TestInvoker.invokeMethod(TestInvoker.java:599)
at org.testng.internal.TestInvoker.invokeTestMethod(TestInvoker.java:174)
at org.testng.internal.MethodRunner.runInSequence(MethodRunner.java:46)
at org.testng.internal.TestInvoker$MethodInvocationAgent.invoke(TestInvoker.java:822)
at org.testng.internal.TestInvoker.invokeTestMethods(TestInvoker.java:147)
at org.testng.internal.TestMethodWorker.invokeTestMethods(TestMethodWorker.java:146)
at org.testng.internal.TestMethodWorker.run(TestMethodWorker.java:128)
at java.base/java.util.ArrayList.forEach(ArrayList.java:1511)
at org.testng.TestRunner.privateRun(TestRunner.java:764)
at org.testng.TestRunner.run(TestRunner.java:585)
at org.testng.SuiteRunner.runTest(SuiteRunner.java:384)
at org.testng.SuiteRunner.runSequentially(SuiteRunner.java:378)
at org.testng.SuiteRunner.privateRun(SuiteRunner.java:337)
at org.testng.SuiteRunner.run(SuiteRunner.java:286)
at org.testng.SuiteRunnerWorker.runSuite(SuiteRunnerWorker.java:53)
at org.testng.SuiteRunnerWorker.run(SuiteRunnerWorker.java:96)
at org.testng.TestNG.runSuitesSequentially(TestNG.java:1218)
at org.testng.TestNG.runSuitesLocally(TestNG.java:1140)
at org.testng.TestNG.runSuites(TestNG.java:1069)
at org.testng.TestNG.run(TestNG.java:1037)
at org.testng.remote.AbstractRemoteTestNG.run(AbstractRemoteTestNG.java:115)
at org.testng.remote.RemoteTestNG.initAndRun(RemoteTestNG.java:251)
at org.testng.remote.RemoteTestNG.main(RemoteTestNG.java:77)
]]>
    </error>
  </testcase> <!-- verifyTitle -->
  <system-out/>
</testsuite> <!-- selenium1.Asserttruefalse -->
